X=  600.00000, Y=  2600.00000, th=  0.00000 
X=  600.22689, Y=  2599.99963, th=  -0.00324 
X=  600.45379, Y=  2599.99926, th=  0.00000 
X=  600.68068, Y=  2599.99890, th=  -0.00324 
X=  600.90757, Y=  2599.99853, th=  0.00000 
X=  601.36136, Y=  2599.99853, th=  0.00000 
X=  601.81514, Y=  2599.99853, th=  0.00000 
X=  602.49582, Y=  2599.99743, th=  -0.00324 
X=  602.94960, Y=  2599.99743, th=  0.00324 
X=  603.63028, Y=  2599.99853, th=  0.00000 
X=  604.53785, Y=  2599.99853, th=  0.00000 
X=  605.21853, Y=  2599.99963, th=  0.00324 
X=  605.67231, Y=  2600.00110, th=  0.00324 
X=  606.57988, Y=  2600.00404, th=  0.00324 
X=  607.48745, Y=  2600.00699, th=  0.00324 
X=  608.39501, Y=  2600.00993, th=  0.00324 
X=  609.30258, Y=  2600.01287, th=  0.00324 
X=  609.75636, Y=  2600.01434, th=  0.00324 
X=  610.66393, Y=  2600.01728, th=  0.00324 
X=  611.57150, Y=  2600.02022, th=  0.00324 
X=  612.47906, Y=  2600.02317, th=  0.00324 
X=  613.61352, Y=  2600.02500, th=  -0.00000 
X=  614.52110, Y=  2600.02500, th=  -0.00000 
X=  615.42867, Y=  2600.02500, th=  -0.00000 
X=  616.33624, Y=  2600.02500, th=  -0.00000 
X=  617.47070, Y=  2600.02684, th=  0.00324 
X=  618.37827, Y=  2600.02979, th=  0.00324 
X=  619.28583, Y=  2600.03273, th=  0.00324 
X=  620.42030, Y=  2600.03457, th=  -0.00000 
X=  621.32787, Y=  2600.03457, th=  -0.00000 
X=  622.68922, Y=  2600.03457, th=  -0.00000 
X=  623.59680, Y=  2600.03457, th=  -0.00000 
X=  624.50437, Y=  2600.03457, th=  -0.00000 
X=  625.63883, Y=  2600.03640, th=  0.00324 
X=  626.77329, Y=  2600.03824, th=  -0.00000 
X=  627.90775, Y=  2600.03640, th=  -0.00324 
X=  628.81532, Y=  2600.03346, th=  -0.00324 
X=  629.94978, Y=  2600.03162, th=  -0.00000 
X=  631.08425, Y=  2600.02979, th=  -0.00324 
X=  632.44560, Y=  2600.02537, th=  -0.00324 
X=  633.35316, Y=  2600.02243, th=  -0.00324 
X=  634.48762, Y=  2600.02059, th=  -0.00000 
X=  635.62209, Y=  2600.01875, th=  -0.00324 
X=  636.98344, Y=  2600.01434, th=  -0.00324 
X=  637.89100, Y=  2600.01140, th=  -0.00324 
X=  639.02547, Y=  2600.00956, th=  -0.00000 
X=  640.15993, Y=  2600.00772, th=  -0.00324 
X=  641.52128, Y=  2600.00331, th=  -0.00324 
X=  642.42884, Y=  2600.00037, th=  -0.00324 
X=  643.79019, Y=  2599.99596, th=  -0.00324 
X=  644.92466, Y=  2599.99412, th=  -0.00000 
X=  646.05912, Y=  2599.99228, th=  -0.00324 
X=  647.19358, Y=  2599.99044, th=  -0.00000 
X=  648.32804, Y=  2599.98860, th=  -0.00324 
X=  649.68939, Y=  2599.98419, th=  -0.00324 
X=  650.59696, Y=  2599.98125, th=  -0.00324 
X=  651.50453, Y=  2599.97830, th=  -0.00324 
X=  652.86588, Y=  2599.97389, th=  -0.00324 
X=  653.77344, Y=  2599.97095, th=  -0.00324 
X=  655.13479, Y=  2599.96654, th=  -0.00324 
X=  656.04236, Y=  2599.96360, th=  -0.00324 
X=  656.94993, Y=  2599.96065, th=  -0.00324 
X=  658.31127, Y=  2599.95624, th=  -0.00324 
X=  659.21884, Y=  2599.95330, th=  -0.00324 
X=  660.35329, Y=  2599.94778, th=  -0.00648 
X=  661.48774, Y=  2599.94227, th=  -0.00324 
X=  662.39531, Y=  2599.93933, th=  -0.00324 
X=  663.30288, Y=  2599.93639, th=  -0.00324 
X=  664.43733, Y=  2599.93087, th=  -0.00648 
X=  665.34488, Y=  2599.92499, th=  -0.00648 
X=  666.70621, Y=  2599.91616, th=  -0.00648 
X=  667.61376, Y=  2599.91028, th=  -0.00648 
X=  668.52131, Y=  2599.90439, th=  -0.00648 
X=  669.65576, Y=  2599.89888, th=  -0.00324 
X=  670.56333, Y=  2599.89594, th=  -0.00324 
X=  671.47089, Y=  2599.89299, th=  -0.00324 
X=  672.60534, Y=  2599.88748, th=  -0.00648 
X=  673.51290, Y=  2599.88160, th=  -0.00648 
X=  674.42045, Y=  2599.87571, th=  -0.00648 
X=  675.78178, Y=  2599.86689, th=  -0.00648 
X=  676.68933, Y=  2599.86100, th=  -0.00648 
X=  677.59688, Y=  2599.85512, th=  -0.00648 
X=  678.73133, Y=  2599.84960, th=  -0.00324 
X=  679.63890, Y=  2599.84666, th=  -0.00324 
X=  680.54646, Y=  2599.84372, th=  -0.00324 
X=  681.45403, Y=  2599.84078, th=  -0.00324 
X=  682.58849, Y=  2599.83894, th=  0.00000 
X=  683.72296, Y=  2599.83710, th=  -0.00324 
X=  684.85742, Y=  2599.83526, th=  0.00000 
X=  685.99188, Y=  2599.83342, th=  -0.00324 
X=  686.89945, Y=  2599.83048, th=  -0.00324 
X=  688.03391, Y=  2599.82864, th=  0.00000 
X=  688.94148, Y=  2599.82864, th=  0.00000 
X=  690.07594, Y=  2599.83048, th=  0.00324 
X=  690.98351, Y=  2599.83342, th=  0.00324 
X=  692.34486, Y=  2599.83784, th=  0.00324 
X=  693.25243, Y=  2599.84078, th=  0.00324 
X=  694.61378, Y=  2599.84519, th=  0.00324 
X=  695.52134, Y=  2599.84813, th=  0.00324 
X=  696.42891, Y=  2599.85108, th=  0.00324 
X=  697.56336, Y=  2599.85659, th=  0.00648 
X=  698.69781, Y=  2599.86211, th=  0.00324 
X=  699.83226, Y=  2599.86762, th=  0.00648 
X=  700.73981, Y=  2599.87351, th=  0.00648 
X=  702.10114, Y=  2599.88233, th=  0.00648 
X=  703.00869, Y=  2599.88821, th=  0.00648 
X=  704.14312, Y=  2599.89741, th=  0.00972 
X=  705.27755, Y=  2599.90660, th=  0.00648 
X=  706.41197, Y=  2599.91579, th=  0.00972 
X=  707.54640, Y=  2599.92499, th=  0.00648 
X=  708.68083, Y=  2599.93418, th=  0.00972 
X=  709.58836, Y=  2599.94300, th=  0.00972 
X=  710.72278, Y=  2599.95220, th=  0.00648 
X=  711.85721, Y=  2599.96139, th=  0.00972 
X=  712.99164, Y=  2599.97058, th=  0.00648 
X=  714.12606, Y=  2599.97977, th=  0.00972 
X=  715.03359, Y=  2599.98860, th=  0.00972 
X=  716.16802, Y=  2599.99779, th=  0.00648 
X=  717.52935, Y=  2600.00662, th=  0.00648 
X=  718.43690, Y=  2600.01250, th=  0.00648 
X=  719.57133, Y=  2600.02169, th=  0.00972 
X=  720.47885, Y=  2600.03052, th=  0.00972 
X=  721.61328, Y=  2600.03971, th=  0.00648 
X=  722.97461, Y=  2600.04854, th=  0.00648 
X=  723.88216, Y=  2600.05442, th=  0.00648 
X=  725.01659, Y=  2600.06361, th=  0.00972 
X=  725.92412, Y=  2600.07244, th=  0.00972 
X=  727.05854, Y=  2600.08163, th=  0.00648 
X=  728.41987, Y=  2600.09046, th=  0.00648 
X=  729.32742, Y=  2600.09634, th=  0.00648 
X=  730.46185, Y=  2600.10553, th=  0.00972 
X=  731.59628, Y=  2600.11473, th=  0.00648 
X=  732.50383, Y=  2600.12061, th=  0.00648 
X=  733.63828, Y=  2600.12612, th=  0.00324 
X=  734.77273, Y=  2600.13164, th=  0.00648 
X=  735.68028, Y=  2600.13752, th=  0.00648 
X=  737.04161, Y=  2600.14635, th=  0.00648 
X=  738.17606, Y=  2600.15186, th=  0.00324 
X=  739.08363, Y=  2600.15481, th=  0.00324 
X=  740.21808, Y=  2600.16032, th=  0.00648 
X=  741.35253, Y=  2600.16584, th=  0.00324 
X=  742.26009, Y=  2600.16878, th=  0.00324 
X=  743.62144, Y=  2600.17319, th=  0.00324 
X=  744.52901, Y=  2600.17613, th=  0.00324 
X=  745.43658, Y=  2600.17908, th=  0.00324 
X=  746.79793, Y=  2600.18349, th=  0.00324 
X=  747.70549, Y=  2600.18643, th=  0.00324 
X=  748.83996, Y=  2600.18827, th=  0.00000 
X=  749.97442, Y=  2600.19011, th=  0.00324 
X=  750.88198, Y=  2600.19305, th=  0.00324 
X=  751.78955, Y=  2600.19599, th=  0.00324 
X=  752.92401, Y=  2600.19783, th=  0.00000 
X=  754.28537, Y=  2600.19783, th=  0.00000 
X=  755.19294, Y=  2600.19783, th=  0.00000 
X=  756.32740, Y=  2600.19967, th=  0.00324 
X=  757.23497, Y=  2600.20261, th=  0.00324 
X=  758.36943, Y=  2600.20445, th=  0.00000 
X=  759.27700, Y=  2600.20445, th=  0.00000 
X=  760.63836, Y=  2600.20445, th=  0.00000 
X=  761.54593, Y=  2600.20445, th=  0.00000 
X=  762.68039, Y=  2600.20629, th=  0.00324 
X=  763.58796, Y=  2600.20923, th=  0.00324 
X=  764.72242, Y=  2600.21107, th=  0.00000 
X=  765.63000, Y=  2600.21107, th=  0.00000 
X=  766.99135, Y=  2600.21107, th=  0.00000 
X=  767.89892, Y=  2600.21107, th=  0.00000 
X=  769.03339, Y=  2600.21291, th=  0.00324 
X=  769.94095, Y=  2600.21585, th=  0.00324 
X=  771.07541, Y=  2600.21769, th=  0.00000 
X=  771.98299, Y=  2600.21769, th=  0.00000 
X=  773.34434, Y=  2600.21769, th=  0.00000 
X=  774.25191, Y=  2600.21769, th=  0.00000 
X=  775.15949, Y=  2600.21769, th=  0.00000 
X=  776.29395, Y=  2600.21952, th=  0.00324 
X=  777.42841, Y=  2600.22136, th=  0.00000 
X=  778.33598, Y=  2600.22136, th=  0.00000 
X=  779.69734, Y=  2600.22136, th=  0.00000 
X=  780.60491, Y=  2600.22136, th=  0.00000 
X=  781.51248, Y=  2600.22136, th=  0.00000 
X=  782.64694, Y=  2600.22320, th=  0.00324 
X=  783.78141, Y=  2600.22504, th=  0.00000 
X=  784.68898, Y=  2600.22504, th=  0.00000 
X=  785.82344, Y=  2600.22320, th=  -0.00324 
X=  786.95790, Y=  2600.22136, th=  0.00000 
X=  787.86547, Y=  2600.22136, th=  0.00000 
X=  788.77304, Y=  2600.22136, th=  0.00000 
X=  789.90751, Y=  2600.22320, th=  0.00324 
X=  791.04197, Y=  2600.22504, th=  0.00000 
X=  792.17643, Y=  2600.22320, th=  -0.00324 
X=  793.08400, Y=  2600.22026, th=  -0.00324 
X=  793.99156, Y=  2600.21732, th=  -0.00324 
X=  795.12603, Y=  2600.21548, th=  0.00000 
X=  796.26049, Y=  2600.21364, th=  -0.00324 
X=  797.39495, Y=  2600.21180, th=  0.00000 
X=  798.52941, Y=  2600.20996, th=  -0.00324 
X=  799.43698, Y=  2600.20702, th=  -0.00324 
X=  800.34455, Y=  2600.20408, th=  -0.00324 
X=  801.47901, Y=  2600.20224, th=  0.00000 
X=  802.61347, Y=  2600.20040, th=  -0.00324 
X=  803.52104, Y=  2600.19746, th=  -0.00324 
X=  804.88239, Y=  2600.19305, th=  -0.00324 
X=  805.78996, Y=  2600.19011, th=  -0.00324 
X=  806.69752, Y=  2600.18717, th=  -0.00324 
X=  808.05887, Y=  2600.18275, th=  -0.00324 
X=  808.96644, Y=  2600.17981, th=  -0.00324 
X=  810.10089, Y=  2600.17430, th=  -0.00648 
X=  811.23534, Y=  2600.16878, th=  -0.00324 
X=  812.14291, Y=  2600.16584, th=  -0.00324 
X=  813.27736, Y=  2600.16032, th=  -0.00648 
X=  814.41181, Y=  2600.15481, th=  -0.00324 
X=  815.54626, Y=  2600.14929, th=  -0.00648 
X=  816.45381, Y=  2600.14341, th=  -0.00648 
X=  817.58826, Y=  2600.13789, th=  -0.00324 
X=  818.49583, Y=  2600.13495, th=  -0.00324 
X=  819.63028, Y=  2600.12943, th=  -0.00648 
X=  820.53783, Y=  2600.12355, th=  -0.00648 
X=  821.89916, Y=  2600.11473, th=  -0.00648 
X=  822.80671, Y=  2600.10884, th=  -0.00648 
X=  823.71426, Y=  2600.10296, th=  -0.00648 
X=  824.84871, Y=  2600.09744, th=  -0.00324 
X=  825.75628, Y=  2600.09450, th=  -0.00324 
X=  826.89073, Y=  2600.08899, th=  -0.00648 
X=  827.79828, Y=  2600.08310, th=  -0.00648 
X=  828.70583, Y=  2600.07722, th=  -0.00648 
X=  830.06716, Y=  2600.06839, th=  -0.00648 
X=  830.97471, Y=  2600.06251, th=  -0.00648 
X=  831.42850, Y=  2600.06104, th=  -0.00000 
X=  832.56296, Y=  2600.06288, th=  0.00324 
X=  833.47053, Y=  2600.06582, th=  0.00324 
X=  834.60499, Y=  2600.06766, th=  -0.00000 
X=  835.51256, Y=  2600.06766, th=  -0.00000 
X=  836.64702, Y=  2600.06582, th=  -0.00324 
X=  837.55459, Y=  2600.06288, th=  -0.00324 
X=  838.68905, Y=  2600.06104, th=  -0.00000 
X=  839.82351, Y=  2600.05920, th=  -0.00324 
X=  840.73108, Y=  2600.05626, th=  -0.00324 
X=  842.09243, Y=  2600.05185, th=  -0.00324 
X=  843.00000, Y=  2600.04890, th=  -0.00324 
X=  843.90756, Y=  2600.04596, th=  -0.00324 
X=  845.04203, Y=  2600.04412, th=  -0.00000 
X=  845.94960, Y=  2600.04412, th=  -0.00000 
X=  847.31095, Y=  2600.04412, th=  -0.00000 
X=  848.21852, Y=  2600.04412, th=  -0.00000 
X=  849.35299, Y=  2600.04229, th=  -0.00324 
X=  850.48745, Y=  2600.04045, th=  -0.00000 
X=  851.39502, Y=  2600.04045, th=  -0.00000 
X=  852.52948, Y=  2600.04229, th=  0.00324 
X=  853.66395, Y=  2600.04412, th=  -0.00000 
X=  854.57152, Y=  2600.04412, th=  -0.00000 
X=  855.93287, Y=  2600.04412, th=  -0.00000 
X=  857.06734, Y=  2600.04596, th=  0.00324 
X=  857.97490, Y=  2600.04890, th=  0.00324 
X=  858.88247, Y=  2600.05185, th=  0.00324 
X=  860.24382, Y=  2600.05626, th=  0.00324 
X=  861.37827, Y=  2600.06177, th=  0.00648 
X=  862.51272, Y=  2600.06729, th=  0.00324 
X=  863.64717, Y=  2600.07281, th=  0.00648 
X=  864.55472, Y=  2600.07869, th=  0.00648 
X=  865.91605, Y=  2600.08751, th=  0.00648 
X=  867.05050, Y=  2600.09303, th=  0.00324 
X=  868.18495, Y=  2600.09855, th=  0.00648 
X=  869.09250, Y=  2600.10443, th=  0.00648 
X=  870.22693, Y=  2600.11362, th=  0.00972 
X=  871.36136, Y=  2600.12282, th=  0.00648 
X=  872.49581, Y=  2600.12833, th=  0.00324 
X=  873.63026, Y=  2600.13385, th=  0.00648 
X=  874.53781, Y=  2600.13973, th=  0.00648 
X=  875.67224, Y=  2600.14892, th=  0.00972 
X=  876.80667, Y=  2600.15812, th=  0.00648 
X=  878.16799, Y=  2600.16694, th=  0.00648 
X=  879.07555, Y=  2600.17282, th=  0.00648 
X=  880.20997, Y=  2600.18202, th=  0.00972 
X=  881.34440, Y=  2600.19121, th=  0.00648 
X=  882.25195, Y=  2600.19709, th=  0.00648 
X=  883.61328, Y=  2600.20592, th=  0.00648 
X=  884.52083, Y=  2600.21180, th=  0.00648 
X=  885.65526, Y=  2600.22099, th=  0.00972 
X=  886.56279, Y=  2600.22982, th=  0.00972 
X=  887.69721, Y=  2600.23901, th=  0.00648 
X=  889.05854, Y=  2600.24784, th=  0.00648 
X=  889.96609, Y=  2600.25372, th=  0.00648 
X=  890.87365, Y=  2600.25960, th=  0.00648 
X=  892.23497, Y=  2600.26843, th=  0.00648 
X=  893.14253, Y=  2600.27431, th=  0.00648 
X=  894.27698, Y=  2600.27983, th=  0.00324 
X=  895.41143, Y=  2600.28534, th=  0.00648 
X=  896.31898, Y=  2600.29123, th=  0.00648 
X=  897.68031, Y=  2600.30005, th=  0.00648 
X=  898.58786, Y=  2600.30594, th=  0.00648 
X=  899.72231, Y=  2600.31145, th=  0.00324 
X=  900.62988, Y=  2600.31439, th=  0.00324 
X=  901.76433, Y=  2600.31991, th=  0.00648 
X=  902.89878, Y=  2600.32543, th=  0.00324 
X=  904.26013, Y=  2600.32984, th=  0.00324 
X=  905.16769, Y=  2600.33278, th=  0.00324 
X=  906.07526, Y=  2600.33572, th=  0.00324 
X=  907.20971, Y=  2600.34124, th=  0.00648 
X=  908.34416, Y=  2600.34675, th=  0.00324 
X=  909.25173, Y=  2600.34969, th=  0.00324 
X=  910.61308, Y=  2600.35411, th=  0.00324 
X=  911.52064, Y=  2600.35705, th=  0.00324 
X=  912.42821, Y=  2600.35999, th=  0.00324 
X=  913.78956, Y=  2600.36440, th=  0.00324 
X=  914.69713, Y=  2600.36735, th=  0.00324 
X=  916.05848, Y=  2600.37176, th=  0.00324 
X=  916.96604, Y=  2600.37470, th=  0.00324 
X=  917.87361, Y=  2600.37764, th=  0.00324 
X=  918.78118, Y=  2600.38058, th=  0.00324 
X=  920.14253, Y=  2600.38500, th=  0.00324 
X=  921.05009, Y=  2600.38794, th=  0.00324 
X=  922.18455, Y=  2600.38978, th=  0.00000 
X=  923.31902, Y=  2600.39161, th=  0.00324 
X=  924.22658, Y=  2600.39456, th=  0.00324 
X=  925.13415, Y=  2600.39750, th=  0.00324 
X=  926.26861, Y=  2600.39934, th=  0.00000 
X=  927.40308, Y=  2600.40118, th=  0.00324 
X=  928.53754, Y=  2600.40301, th=  0.00000 
X=  929.44511, Y=  2600.40301, th=  0.00000 
X=  930.57957, Y=  2600.40485, th=  0.00324 
X=  931.48714, Y=  2600.40779, th=  0.00324 
X=  932.62160, Y=  2600.40963, th=  0.00000 
X=  933.75606, Y=  2600.41147, th=  0.00324 
X=  934.89053, Y=  2600.41331, th=  0.00000 
X=  935.79810, Y=  2600.41331, th=  0.00000 
X=  936.93256, Y=  2600.41515, th=  0.00324 
X=  937.84013, Y=  2600.41809, th=  0.00324 
X=  938.97459, Y=  2600.41993, th=  0.00000 
X=  939.88216, Y=  2600.41993, th=  0.00000 
X=  941.24352, Y=  2600.41993, th=  0.00000 
X=  942.15109, Y=  2600.41993, th=  0.00000 
X=  943.28555, Y=  2600.42177, th=  0.00324 
X=  944.19312, Y=  2600.42471, th=  0.00324 
X=  945.32758, Y=  2600.42655, th=  0.00000 
X=  946.23515, Y=  2600.42655, th=  0.00000 
X=  947.59651, Y=  2600.42655, th=  0.00000 
X=  948.50408, Y=  2600.42655, th=  0.00000 
X=  949.41165, Y=  2600.42655, th=  0.00000 
X=  950.54611, Y=  2600.42839, th=  0.00324 
X=  951.68057, Y=  2600.43022, th=  0.00000 
X=  952.58815, Y=  2600.43022, th=  0.00000 
X=  953.72261, Y=  2600.42839, th=  -0.00324 
X=  954.85707, Y=  2600.42655, th=  0.00000 
X=  955.76464, Y=  2600.42655, th=  0.00000 
X=  956.89910, Y=  2600.42471, th=  -0.00324 
X=  958.03357, Y=  2600.42287, th=  0.00000 
X=  959.16803, Y=  2600.42103, th=  -0.00324 
X=  960.07560, Y=  2600.41809, th=  -0.00324 
X=  961.21006, Y=  2600.41625, th=  0.00000 
X=  962.34452, Y=  2600.41441, th=  -0.00324 
X=  963.25209, Y=  2600.41147, th=  -0.00324 
X=  964.61344, Y=  2600.40706, th=  -0.00324 
X=  965.52100, Y=  2600.40412, th=  -0.00324 
X=  966.42857, Y=  2600.40118, th=  -0.00324 
X=  967.78992, Y=  2600.39676, th=  -0.00324 
X=  968.69749, Y=  2600.39382, th=  -0.00324 
X=  969.83194, Y=  2600.38831, th=  -0.00648 
X=  970.96639, Y=  2600.38279, th=  -0.00324 
X=  971.87395, Y=  2600.37985, th=  -0.00324 
X=  972.78152, Y=  2600.37691, th=  -0.00324 
X=  974.14287, Y=  2600.37249, th=  -0.00324 
X=  975.05044, Y=  2600.36955, th=  -0.00324 
X=  976.18489, Y=  2600.36404, th=  -0.00648 
X=  977.31934, Y=  2600.35852, th=  -0.00324 
X=  978.22690, Y=  2600.35558, th=  -0.00324 
X=  979.13447, Y=  2600.35264, th=  -0.00324 
X=  980.26892, Y=  2600.34712, th=  -0.00648 
X=  981.40337, Y=  2600.34161, th=  -0.00324 
X=  982.53782, Y=  2600.33609, th=  -0.00648 
X=  983.44537, Y=  2600.33021, th=  -0.00648 
X=  984.57982, Y=  2600.32469, th=  -0.00324 
X=  985.48739, Y=  2600.32175, th=  -0.00324 
X=  986.62184, Y=  2600.31623, th=  -0.00648 
X=  987.52939, Y=  2600.31035, th=  -0.00648 
X=  988.89072, Y=  2600.30152, th=  -0.00648 
X=  989.79827, Y=  2600.29564, th=  -0.00648 
X=  990.70583, Y=  2600.28976, th=  -0.00648 
X=  991.61338, Y=  2600.28387, th=  -0.00648 
X=  992.06715, Y=  2600.28093, th=  -0.00648 
X=  992.74783, Y=  2600.27762, th=  -0.00324 
X=  993.42850, Y=  2600.27431, th=  -0.00648 
X=  994.10917, Y=  2600.27100, th=  -0.00324 
X=  994.56295, Y=  2600.26953, th=  -0.00324 
X=  994.78984, Y=  2600.26917, th=  -0.00000 
X=  995.01673, Y=  2600.26953, th=  0.00324 
X=  995.69740, Y=  2600.27284, th=  0.00648 
X=  995.92429, Y=  2600.27468, th=  0.00972 
X=  996.15117, Y=  2600.27726, th=  0.01297 
X=  996.60489, Y=  2600.28461, th=  0.01945 
X=  996.83174, Y=  2600.28939, th=  0.02269 
X=  997.05856, Y=  2600.29490, th=  0.02593 
X=  997.05856, Y=  2600.29490, th=  0.03241 
X=  997.28532, Y=  2600.30262, th=  0.03565 
X=  997.51206, Y=  2600.31108, th=  0.03890 
X=  997.73877, Y=  2600.32027, th=  0.04214 
X=  997.73877, Y=  2600.32027, th=  0.04862 
X=  997.73877, Y=  2600.32027, th=  0.05510 
X=  997.96529, Y=  2600.33313, th=  0.05834 
X=  998.19178, Y=  2600.34673, th=  0.06159 
X=  998.19178, Y=  2600.34673, th=  0.06807 
X=  998.19178, Y=  2600.34673, th=  0.07455 
X=  998.41801, Y=  2600.36400, th=  0.07779 
X=  998.41801, Y=  2600.36400, th=  0.07779 
X=  998.41801, Y=  2600.36400, th=  0.08427 
X=  998.41801, Y=  2600.36400, th=  0.09076 
X=  998.41801, Y=  2600.36400, th=  0.09076 
X=  998.41801, Y=  2600.36400, th=  0.09724 
X=  998.41801, Y=  2600.36400, th=  0.10372 
X=  998.19238, Y=  2600.34014, th=  0.10696 
X=  998.19238, Y=  2600.34014, th=  0.11345 
X=  998.19238, Y=  2600.34014, th=  0.11993 
X=  997.96716, Y=  2600.31263, th=  0.12317 
X=  997.96716, Y=  2600.31263, th=  0.12965 
X=  997.96716, Y=  2600.31263, th=  0.13614 
X=  997.74242, Y=  2600.28147, th=  0.13938 
X=  997.74242, Y=  2600.28147, th=  0.14586 
X=  997.74242, Y=  2600.28147, th=  0.15234 
X=  997.74242, Y=  2600.28147, th=  0.15882 
X=  997.74242, Y=  2600.28147, th=  0.15882 
X=  997.51856, Y=  2600.24450, th=  0.16855 
X=  997.74217, Y=  2600.28292, th=  0.17179 
X=  997.51881, Y=  2600.24305, th=  0.18151 
X=  997.74191, Y=  2600.28437, th=  0.18476 
X=  997.51908, Y=  2600.24160, th=  0.19448 
X=  997.74163, Y=  2600.28581, th=  0.19772 
X=  997.74163, Y=  2600.28581, th=  0.20420 
X=  997.74163, Y=  2600.28581, th=  0.21069 
X=  997.74163, Y=  2600.28581, th=  0.21717 
X=  997.74163, Y=  2600.28581, th=  0.22365 
X=  997.74163, Y=  2600.28581, th=  0.23013 
X=  997.74163, Y=  2600.28581, th=  0.23662 
X=  997.74163, Y=  2600.28581, th=  0.23662 
X=  997.52132, Y=  2600.23155, th=  0.24634 
X=  997.74127, Y=  2600.28724, th=  0.24958 
X=  997.74127, Y=  2600.28724, th=  0.25606 
X=  997.74127, Y=  2600.28724, th=  0.26255 
X=  997.74127, Y=  2600.28724, th=  0.26903 
X=  997.74127, Y=  2600.28724, th=  0.27551 
X=  997.74127, Y=  2600.28724, th=  0.28200 
X=  997.74127, Y=  2600.28724, th=  0.28848 
X=  997.74127, Y=  2600.28724, th=  0.28848 
X=  997.52407, Y=  2600.22163, th=  0.29820 
X=  997.74084, Y=  2600.28865, th=  0.30144 
X=  997.74084, Y=  2600.28865, th=  0.30793 
X=  997.74084, Y=  2600.28865, th=  0.31441 
X=  997.74084, Y=  2600.28865, th=  0.32089 
X=  997.74084, Y=  2600.28865, th=  0.32737 
X=  997.74084, Y=  2600.28865, th=  0.33386 
X=  997.74084, Y=  2600.28865, th=  0.34034 
X=  997.52708, Y=  2600.21256, th=  0.34358 
X=  997.52708, Y=  2600.21256, th=  0.35006 
X=  997.74009, Y=  2600.29072, th=  0.35330 
X=  997.74009, Y=  2600.29072, th=  0.35979 
X=  997.74009, Y=  2600.29072, th=  0.36627 
X=  997.74009, Y=  2600.29072, th=  0.37275 
X=  997.74009, Y=  2600.29072, th=  0.37924 
X=  997.95073, Y=  2600.37506, th=  0.38248 
X=  997.74064, Y=  2600.28936, th=  0.39220 
X=  997.74064, Y=  2600.28936, th=  0.39220 
X=  997.74064, Y=  2600.28936, th=  0.39868 
X=  997.74064, Y=  2600.28936, th=  0.40517 
X=  997.74064, Y=  2600.28936, th=  0.41165 
X=  997.74064, Y=  2600.28936, th=  0.41813 
X=  997.94784, Y=  2600.38182, th=  0.42137 
X=  997.74125, Y=  2600.28802, th=  0.43110 
X=  997.94723, Y=  2600.38316, th=  0.43434 
X=  997.94723, Y=  2600.38316, th=  0.44082 
X=  997.74218, Y=  2600.28602, th=  0.44406 
X=  997.74218, Y=  2600.28602, th=  0.45054 
X=  997.74218, Y=  2600.28602, th=  0.45703 
X=  997.94562, Y=  2600.38647, th=  0.46027 
X=  997.74284, Y=  2600.28470, th=  0.46999 
X=  997.94496, Y=  2600.38778, th=  0.47323 
X=  997.94496, Y=  2600.38778, th=  0.47972 
X=  997.74385, Y=  2600.28274, th=  0.48296 
X=  997.94462, Y=  2600.38844, th=  0.48620 
X=  997.74454, Y=  2600.28144, th=  0.49592 
X=  997.94392, Y=  2600.38973, th=  0.49916 
X=  997.94392, Y=  2600.38973, th=  0.50565 
X=  997.94392, Y=  2600.38973, th=  0.51213 
X=  997.94392, Y=  2600.38973, th=  0.51861 
X=  997.74705, Y=  2600.27695, th=  0.52185 
X=  997.74705, Y=  2600.27695, th=  0.52834 
X=  997.74705, Y=  2600.27695, th=  0.53482 
X=  997.94207, Y=  2600.39291, th=  0.53806 
X=  997.94207, Y=  2600.39291, th=  0.54454 
X=  997.94207, Y=  2600.39291, th=  0.55103 
X=  997.94207, Y=  2600.39291, th=  0.55751 
X=  997.74973, Y=  2600.27255, th=  0.56075 
X=  997.94168, Y=  2600.39353, th=  0.56399 
X=  997.75051, Y=  2600.27131, th=  0.57371 
X=  997.94088, Y=  2600.39477, th=  0.57696 
X=  997.94088, Y=  2600.39477, th=  0.58344 
X=  997.75172, Y=  2600.26946, th=  0.58668 
X=  997.75172, Y=  2600.26946, th=  0.59316 
X=  997.75172, Y=  2600.26946, th=  0.59965 
X=  997.93882, Y=  2600.39781, th=  0.60289 
X=  997.75256, Y=  2600.26825, th=  0.61261 
X=  997.93798, Y=  2600.39902, th=  0.61585 
X=  997.93798, Y=  2600.39902, th=  0.62233 
X=  997.75384, Y=  2600.26646, th=  0.62558 
X=  997.75384, Y=  2600.26646, th=  0.63206 
X=  997.75384, Y=  2600.26646, th=  0.63854 
X=  997.93581, Y=  2600.40199, th=  0.64178 
X=  997.75472, Y=  2600.26528, th=  0.65151 
X=  997.93492, Y=  2600.40316, th=  0.65475 
X=  997.93492, Y=  2600.40316, th=  0.66123 
X=  997.93492, Y=  2600.40316, th=  0.66771 
X=  997.93492, Y=  2600.40316, th=  0.67420 
X=  997.75790, Y=  2600.26123, th=  0.67744 
X=  997.93446, Y=  2600.40373, th=  0.68068 
X=  997.93446, Y=  2600.40373, th=  0.68716 
X=  997.93446, Y=  2600.40373, th=  0.69364 
X=  997.93446, Y=  2600.40373, th=  0.70013 
X=  997.76118, Y=  2600.25726, th=  0.70337 
X=  997.93398, Y=  2600.40429, th=  0.70661 
X=  997.76213, Y=  2600.25614, th=  0.71633 
X=  997.93302, Y=  2600.40540, th=  0.71957 
X=  997.93302, Y=  2600.40540, th=  0.72606 
X=  997.93302, Y=  2600.40540, th=  0.73254 
X=  997.93302, Y=  2600.40540, th=  0.73902 
X=  997.76556, Y=  2600.25230, th=  0.74226 
X=  997.76556, Y=  2600.25230, th=  0.74875 
X=  997.76556, Y=  2600.25230, th=  0.75523 
X=  997.93051, Y=  2600.40810, th=  0.75847 
X=  997.93051, Y=  2600.40810, th=  0.76495 
X=  997.93051, Y=  2600.40810, th=  0.77144 
X=  997.93051, Y=  2600.40810, th=  0.77792 
X=  997.93051, Y=  2600.40810, th=  0.78440 
X=  997.93051, Y=  2600.40810, th=  0.79088 
X=  997.77122, Y=  2600.24652, th=  0.79412 
X=  997.92999, Y=  2600.40861, th=  0.79737 
X=  997.92999, Y=  2600.40861, th=  0.80385 
X=  997.92999, Y=  2600.40861, th=  0.81033 
X=  997.92999, Y=  2600.40861, th=  0.81681 
X=  997.92999, Y=  2600.40861, th=  0.82330 
X=  998.08396, Y=  2600.57526, th=  0.82654 
X=  997.77764, Y=  2600.24047, th=  0.83302 
X=  997.92999, Y=  2600.40861, th=  0.83626 
X=  997.92999, Y=  2600.40861, th=  0.84274 
X=  997.92999, Y=  2600.40861, th=  0.84923 
X=  997.92999, Y=  2600.40861, th=  0.85571 
X=  997.92999, Y=  2600.40861, th=  0.86219 
X=  998.07736, Y=  2600.58112, th=  0.86543 
X=  997.93055, Y=  2600.40813, th=  0.86868 
X=  997.93055, Y=  2600.40813, th=  0.87516 
X=  997.93055, Y=  2600.40813, th=  0.88164 
X=  997.93055, Y=  2600.40813, th=  0.88812 
X=  997.93055, Y=  2600.40813, th=  0.89461 
X=  997.93055, Y=  2600.40813, th=  0.90109 
X=  998.07110, Y=  2600.58624, th=  0.90433 
X=  997.93170, Y=  2600.40722, th=  0.91405 
X=  997.93170, Y=  2600.40722, th=  0.91405 
X=  997.93170, Y=  2600.40722, th=  0.92054 
X=  998.20642, Y=  2600.76840, th=  0.92054 
X=  998.34349, Y=  2600.94922, th=  0.92378 
X=  998.20760, Y=  2600.76752, th=  0.93350 
X=  998.34231, Y=  2600.95009, th=  0.93674 
X=  998.07467, Y=  2600.58364, th=  0.94323 
X=  998.20759, Y=  2600.76751, th=  0.94647 
X=  998.07586, Y=  2600.58278, th=  0.95619 
X=  998.20639, Y=  2600.76836, th=  0.95943 
X=  998.07707, Y=  2600.58194, th=  0.96916 
X=  998.07707, Y=  2600.58194, th=  0.97564 
X=  998.07707, Y=  2600.58194, th=  0.98212 
X=  998.07707, Y=  2600.58194, th=  0.98212 
X=  997.95200, Y=  2600.39263, th=  0.99185 
X=  998.07584, Y=  2600.58274, th=  0.99509 
X=  997.95324, Y=  2600.39183, th=  1.00481 
X=  998.07460, Y=  2600.58354, th=  1.00805 
X=  998.07460, Y=  2600.58354, th=  1.01453 
X=  998.07460, Y=  2600.58354, th=  1.02102 
X=  998.07460, Y=  2600.58354, th=  1.02750 
X=  997.95762, Y=  2600.38912, th=  1.03074 
X=  997.95762, Y=  2600.38912, th=  1.03722 
X=  997.95762, Y=  2600.38912, th=  1.04371 
X=  998.07143, Y=  2600.58541, th=  1.04695 
X=  998.07143, Y=  2600.58541, th=  1.05343 
X=  998.07143, Y=  2600.58541, th=  1.05991 
X=  998.07143, Y=  2600.58541, th=  1.06640 
X=  998.07143, Y=  2600.58541, th=  1.07288 
X=  997.96339, Y=  2600.38589, th=  1.07612 
X=  997.96339, Y=  2600.38589, th=  1.08260 
X=  997.96339, Y=  2600.38589, th=  1.08909 
X=  997.96339, Y=  2600.38589, th=  1.09557 
X=  998.06688, Y=  2600.58781, th=  1.09881 
X=  997.96470, Y=  2600.38522, th=  1.10853 
X=  998.06556, Y=  2600.58846, th=  1.11177 
X=  997.96536, Y=  2600.38489, th=  1.11502 
X=  997.96536, Y=  2600.38489, th=  1.12150 
X=  998.06358, Y=  2600.58943, th=  1.12474 
X=  997.96669, Y=  2600.38426, th=  1.13446 
X=  998.06224, Y=  2600.59005, th=  1.13771 
X=  998.06224, Y=  2600.59005, th=  1.14419 
X=  998.06224, Y=  2600.59005, th=  1.15067 
X=  997.97004, Y=  2600.38274, th=  1.15391 
X=  997.97004, Y=  2600.38274, th=  1.16039 
X=  998.06022, Y=  2600.59094, th=  1.16364 
X=  997.97139, Y=  2600.38216, th=  1.17336 
X=  998.05887, Y=  2600.59151, th=  1.17660 
X=  998.05887, Y=  2600.59151, th=  1.18308 
X=  998.05887, Y=  2600.59151, th=  1.18957 
X=  998.05887, Y=  2600.59151, th=  1.18957 
X=  997.97547, Y=  2600.38050, th=  1.19929 
X=  998.05750, Y=  2600.59205, th=  1.20253 
X=  998.05750, Y=  2600.59205, th=  1.20901 
X=  998.05750, Y=  2600.59205, th=  1.21550 
X=  997.97891, Y=  2600.37920, th=  1.21874 
X=  997.97891, Y=  2600.37920, th=  1.22522 
X=  998.05542, Y=  2600.59280, th=  1.22846 
X=  997.98030, Y=  2600.37871, th=  1.23819 
X=  998.05404, Y=  2600.59328, th=  1.24143 
X=  997.98100, Y=  2600.37847, th=  1.24467 
X=  997.98100, Y=  2600.37847, th=  1.25115 
X=  997.98100, Y=  2600.37847, th=  1.25763 
X=  997.98100, Y=  2600.37847, th=  1.26412 
X=  998.04914, Y=  2600.59489, th=  1.26736 
X=  997.98240, Y=  2600.37803, th=  1.27708 
X=  998.04774, Y=  2600.59531, th=  1.28032 
X=  997.98311, Y=  2600.37782, th=  1.28356 
X=  997.98311, Y=  2600.37782, th=  1.29005 
X=  997.98311, Y=  2600.37782, th=  1.29653 
X=  997.98311, Y=  2600.37782, th=  1.30301 
X=  998.04278, Y=  2600.59672, th=  1.30625 
X=  997.98381, Y=  2600.37763, th=  1.30950 
X=  997.98381, Y=  2600.37763, th=  1.31598 
X=  997.98381, Y=  2600.37763, th=  1.32246 
X=  997.98381, Y=  2600.37763, th=  1.32894 
X=  997.98381, Y=  2600.37763, th=  1.33543 
X=  997.98381, Y=  2600.37763, th=  1.34191 
X=  998.03494, Y=  2600.59869, th=  1.34515 
X=  997.93484, Y=  2600.15608, th=  1.35163 
X=  997.98381, Y=  2600.37762, th=  1.35487 
X=  997.98381, Y=  2600.37762, th=  1.36136 
X=  997.98381, Y=  2600.37762, th=  1.36784 
X=  998.02775, Y=  2600.60022, th=  1.38405 
X=  997.94494, Y=  2600.15406, th=  1.39053 
X=  997.98526, Y=  2600.37734, th=  1.39377 
X=  997.98526, Y=  2600.37734, th=  1.40025 
X=  997.98526, Y=  2600.37734, th=  1.40674 
X=  997.98526, Y=  2600.37734, th=  1.41322 
X=  997.98526, Y=  2600.37734, th=  1.41970 
X=  997.98526, Y=  2600.37734, th=  1.42618 
X=  997.98526, Y=  2600.37734, th=  1.43267 
X=  998.01613, Y=  2600.60212, th=  1.43591 
X=  997.95657, Y=  2600.15226, th=  1.44239 
X=  997.98526, Y=  2600.37733, th=  1.44563 
X=  997.98526, Y=  2600.37733, th=  1.45211 
X=  997.98526, Y=  2600.37733, th=  1.45860 
X=  997.98526, Y=  2600.37733, th=  1.46508 
X=  997.98526, Y=  2600.37733, th=  1.47156 
X=  997.98526, Y=  2600.37733, th=  1.47804 
X=  997.96461, Y=  2600.15138, th=  1.48129 
X=  998.00371, Y=  2600.60348, th=  1.48777 
X=  997.96754, Y=  2600.15114, th=  1.49425 
X=  997.98452, Y=  2600.37739, th=  1.49749 
X=  997.98452, Y=  2600.37739, th=  1.50398 
X=  997.98452, Y=  2600.37739, th=  1.51046 
X=  997.98452, Y=  2600.37739, th=  1.51694 
X=  997.98452, Y=  2600.37739, th=  1.52342 
X=  997.99490, Y=  2600.60405, th=  1.52666 
X=  997.98526, Y=  2600.37736, th=  1.52991 
X=  997.98526, Y=  2600.37736, th=  1.53639 
X=  997.99270, Y=  2600.60413, th=  1.53963 
X=  997.99270, Y=  2600.60413, th=  1.53963 
X=  997.99270, Y=  2600.60413, th=  1.54611 
X=  998.00390, Y=  2601.05778, th=  1.54611 
X=  998.00913, Y=  2601.28461, th=  1.54935 
X=  998.01363, Y=  2601.51146, th=  1.55260 
X=  998.02491, Y=  2602.19204, th=  1.55584 
X=  998.03170, Y=  2602.64578, th=  1.55584 
X=  998.04078, Y=  2603.32640, th=  1.55908 
X=  998.04610, Y=  2603.78015, th=  1.55908 
X=  998.05673, Y=  2604.68766, th=  1.55908 
X=  998.06205, Y=  2605.14141, th=  1.55908 
X=  998.06892, Y=  2605.82206, th=  1.56232 
X=  998.07662, Y=  2606.72960, th=  1.56232 
X=  998.08349, Y=  2607.41024, th=  1.55908 
X=  998.09036, Y=  2608.09088, th=  1.56232 
X=  998.09806, Y=  2608.99842, th=  1.56232 
X=  998.10575, Y=  2609.90596, th=  1.56232 
X=  998.11042, Y=  2610.58662, th=  1.56556 
X=  998.11517, Y=  2611.49418, th=  1.56556 
X=  998.11992, Y=  2612.40174, th=  1.56556 
X=  998.12467, Y=  2613.30930, th=  1.56556 
X=  998.12943, Y=  2614.21686, th=  1.56556 
X=  998.13418, Y=  2615.12442, th=  1.56556 
X=  998.13893, Y=  2616.03198, th=  1.56556 
X=  998.14368, Y=  2616.93954, th=  1.56556 
X=  998.14843, Y=  2617.84709, th=  1.56556 
X=  998.15621, Y=  2618.98153, th=  1.56232 
X=  998.16391, Y=  2619.88907, th=  1.56232 
X=  998.17545, Y=  2621.25038, th=  1.56232 
X=  998.18314, Y=  2622.15792, th=  1.56232 
X=  998.19083, Y=  2623.06546, th=  1.56232 
X=  998.19861, Y=  2624.19989, th=  1.56556 
X=  998.20639, Y=  2625.33433, th=  1.56232 
X=  998.21417, Y=  2626.46877, th=  1.56556 
X=  998.22195, Y=  2627.60320, th=  1.56232 
X=  998.22973, Y=  2628.73764, th=  1.56556 
X=  998.23448, Y=  2629.64520, th=  1.56556 
X=  998.24161, Y=  2631.00654, th=  1.56556 
X=  998.24873, Y=  2632.36788, th=  1.56556 
X=  998.25349, Y=  2633.27544, th=  1.56556 
X=  998.25759, Y=  2634.40989, th=  1.56880 
X=  998.26169, Y=  2635.54435, th=  1.56556 
X=  998.26882, Y=  2636.90569, th=  1.56556 
X=  998.27357, Y=  2637.81325, th=  1.56556 
X=  998.27767, Y=  2638.94770, th=  1.56880 
X=  998.28039, Y=  2640.30906, th=  1.56880 
X=  998.28449, Y=  2641.44351, th=  1.56556 
X=  998.28859, Y=  2642.57797, th=  1.56880 
X=  998.29040, Y=  2643.48554, th=  1.56880 
X=  998.29312, Y=  2644.84689, th=  1.56880 
X=  998.29722, Y=  2645.98135, th=  1.56556 
X=  998.30132, Y=  2647.11581, th=  1.56880 
X=  998.30313, Y=  2648.02338, th=  1.56880 
X=  998.30584, Y=  2649.38473, th=  1.56880 
X=  998.30995, Y=  2650.51919, th=  1.56556 
X=  998.31470, Y=  2651.42675, th=  1.56556 
X=  998.31880, Y=  2652.56120, th=  1.56880 
X=  998.32290, Y=  2653.69566, th=  1.56556 
X=  998.32765, Y=  2654.60322, th=  1.56556 
X=  998.33478, Y=  2655.96456, th=  1.56556 
X=  998.33953, Y=  2656.87211, th=  1.56556 
X=  998.34428, Y=  2657.77967, th=  1.56556 
X=  998.34904, Y=  2658.68723, th=  1.56556 
X=  998.35616, Y=  2660.04857, th=  1.56556 
X=  998.36092, Y=  2660.95613, th=  1.56556 
X=  998.36804, Y=  2662.31747, th=  1.56556 
X=  998.37280, Y=  2663.22503, th=  1.56556 
X=  998.37755, Y=  2664.13258, th=  1.56556 
X=  998.38230, Y=  2665.04014, th=  1.56556 
X=  998.38943, Y=  2666.40148, th=  1.56556 
X=  998.39418, Y=  2667.30904, th=  1.56556 
X=  998.40131, Y=  2668.67038, th=  1.56556 
X=  998.40606, Y=  2669.57794, th=  1.56556 
X=  998.41081, Y=  2670.48550, th=  1.56556 
X=  998.41794, Y=  2671.84683, th=  1.56556 
X=  998.42269, Y=  2672.75439, th=  1.56556 
X=  998.42982, Y=  2674.11573, th=  1.56556 
X=  998.43457, Y=  2675.02329, th=  1.56556 
X=  998.43932, Y=  2675.93085, th=  1.56556 
X=  998.44343, Y=  2677.06531, th=  1.56880 
X=  998.44753, Y=  2678.19976, th=  1.56556 
X=  998.45163, Y=  2679.33422, th=  1.56880 
X=  998.45573, Y=  2680.46868, th=  1.56556 
X=  998.46048, Y=  2681.37623, th=  1.56556 
X=  998.46458, Y=  2682.51069, th=  1.56880 
X=  998.46501, Y=  2683.64515, th=  1.57204 
X=  998.46388, Y=  2684.55272, th=  1.57204 
X=  998.46430, Y=  2685.68719, th=  1.56880 
X=  998.46472, Y=  2686.82165, th=  1.57204 
X=  998.46515, Y=  2687.95612, th=  1.56880 
X=  998.46557, Y=  2689.09058, th=  1.57204 
X=  998.46444, Y=  2689.99815, th=  1.57204 
X=  998.46487, Y=  2691.13261, th=  1.56880 
X=  998.46529, Y=  2692.26708, th=  1.57204 
X=  998.46571, Y=  2693.40154, th=  1.56880 
X=  998.46614, Y=  2694.53601, th=  1.57204 
X=  998.46501, Y=  2695.44358, th=  1.57204 
X=  998.46388, Y=  2696.35115, th=  1.57204 
X=  998.46218, Y=  2697.71250, th=  1.57204 
X=  998.46105, Y=  2698.62007, th=  1.57204 
X=  998.45935, Y=  2699.98143, th=  1.57204 
X=  998.45822, Y=  2700.88900, th=  1.57204 
X=  998.45709, Y=  2701.79657, th=  1.57204 
X=  998.45383, Y=  2702.93103, th=  1.57528 
X=  998.44976, Y=  2703.83859, th=  1.57528 
X=  998.44365, Y=  2705.19994, th=  1.57528 
X=  998.43958, Y=  2706.10750, th=  1.57528 
X=  998.43551, Y=  2707.01506, th=  1.57528 
X=  998.42940, Y=  2708.37640, th=  1.57528 
X=  998.42532, Y=  2709.28396, th=  1.57528 
X=  998.42125, Y=  2710.19153, th=  1.57528 
X=  998.41432, Y=  2711.32597, th=  1.57853 
X=  998.40739, Y=  2712.46041, th=  1.57528 
X=  998.40332, Y=  2713.36797, th=  1.57528 
X=  998.39639, Y=  2714.50242, th=  1.57853 
X=  998.38946, Y=  2715.63686, th=  1.57528 
X=  998.38538, Y=  2716.54442, th=  1.57528 
X=  998.37845, Y=  2717.67887, th=  1.57853 
X=  998.37144, Y=  2718.58641, th=  1.57853 
X=  998.36442, Y=  2719.49395, th=  1.57853 
X=  998.35382, Y=  2720.62837, th=  1.58177 
X=  998.34321, Y=  2721.76278, th=  1.57853 
X=  998.33619, Y=  2722.67033, th=  1.57853 
X=  998.32559, Y=  2723.80474, th=  1.58177 
X=  998.31498, Y=  2724.93916, th=  1.57853 
X=  998.30797, Y=  2725.84670, th=  1.57853 
X=  998.29736, Y=  2726.98111, th=  1.58177 
X=  998.28740, Y=  2727.88863, th=  1.58177 
X=  998.27247, Y=  2729.24991, th=  1.58177 
X=  998.26251, Y=  2730.15742, th=  1.58177 
X=  998.25190, Y=  2731.29184, th=  1.57853 
X=  998.24489, Y=  2732.19938, th=  1.57853 
X=  998.23428, Y=  2733.33379, th=  1.58177 
X=  998.22433, Y=  2734.24131, th=  1.58177 
X=  998.21372, Y=  2735.37573, th=  1.57853 
X=  998.20311, Y=  2736.51014, th=  1.58177 
X=  998.19250, Y=  2737.64455, th=  1.57853 
X=  998.18549, Y=  2738.55210, th=  1.57853 
X=  998.17488, Y=  2739.68651, th=  1.58177 
X=  998.16493, Y=  2740.59403, th=  1.58177 
X=  998.15432, Y=  2741.72844, th=  1.57853 
X=  998.14371, Y=  2742.86286, th=  1.58177 
X=  998.13311, Y=  2743.99727, th=  1.57853 
X=  998.12609, Y=  2744.90482, th=  1.57853 
X=  998.11548, Y=  2746.03923, th=  1.58177 
X=  998.10488, Y=  2747.17365, th=  1.57853 
X=  998.09786, Y=  2748.08119, th=  1.57853 
X=  998.08734, Y=  2749.44251, th=  1.57853 
X=  998.08032, Y=  2750.35005, th=  1.57853 
X=  998.07331, Y=  2751.25759, th=  1.57853 
X=  998.06629, Y=  2752.16514, th=  1.57853 
X=  998.05577, Y=  2753.52645, th=  1.57853 
X=  998.04876, Y=  2754.43400, th=  1.57853 
X=  998.04183, Y=  2755.56844, th=  1.57528 
X=  998.03490, Y=  2756.70288, th=  1.57853 
X=  998.02788, Y=  2757.61043, th=  1.57853 
X=  998.02095, Y=  2758.74487, th=  1.57528 
X=  998.01402, Y=  2759.87931, th=  1.57853 
X=  998.00709, Y=  2761.01376, th=  1.57528 
X=  998.00302, Y=  2761.92132, th=  1.57528 
X=  997.99609, Y=  2763.05576, th=  1.57853 
X=  997.98907, Y=  2763.96331, th=  1.57853 
X=  997.98214, Y=  2765.09775, th=  1.57528 
X=  997.97889, Y=  2766.23221, th=  1.57204 
X=  997.97564, Y=  2767.36667, th=  1.57528 
X=  997.97157, Y=  2768.27423, th=  1.57528 
X=  997.96831, Y=  2769.40869, th=  1.57204 
X=  997.96506, Y=  2770.54315, th=  1.57528 
X=  997.96181, Y=  2771.67761, th=  1.57204 
X=  997.96068, Y=  2772.58518, th=  1.57204 
X=  997.95954, Y=  2773.49275, th=  1.57204 
X=  997.95785, Y=  2774.85410, th=  1.57204 
X=  997.95672, Y=  2775.76168, th=  1.57204 
X=  997.95502, Y=  2777.12303, th=  1.57204 
X=  997.95389, Y=  2778.03060, th=  1.57204 
X=  997.95276, Y=  2778.93817, th=  1.57204 
X=  997.95318, Y=  2780.07264, th=  1.56880 
X=  997.95360, Y=  2781.20710, th=  1.57204 
X=  997.95403, Y=  2782.34156, th=  1.56880 
X=  997.95584, Y=  2783.24913, th=  1.56880 
X=  997.95626, Y=  2784.38360, th=  1.57204 
X=  997.95669, Y=  2785.51806, th=  1.56880 
X=  997.95850, Y=  2786.42563, th=  1.56880 
X=  997.96121, Y=  2787.78698, th=  1.56880 
X=  997.96302, Y=  2788.69455, th=  1.56880 
X=  997.96483, Y=  2789.60212, th=  1.56880 
X=  997.96526, Y=  2790.73659, th=  1.57204 
X=  997.96568, Y=  2791.87105, th=  1.56880 
X=  997.96749, Y=  2792.77862, th=  1.56880 
X=  997.97021, Y=  2794.13997, th=  1.56880 
X=  997.97202, Y=  2795.04754, th=  1.56880 
X=  997.97383, Y=  2795.95511, th=  1.56880 
X=  997.97654, Y=  2797.31647, th=  1.56880 
X=  997.97835, Y=  2798.22404, th=  1.56880 
X=  997.98246, Y=  2799.35849, th=  1.56556 
X=  997.98721, Y=  2800.26605, th=  1.56556 
X=  997.99131, Y=  2801.40051, th=  1.56880 
X=  997.99312, Y=  2802.30808, th=  1.56880 
X=  997.99722, Y=  2803.44253, th=  1.56556 
X=  998.00132, Y=  2804.57699, th=  1.56880 
X=  998.00542, Y=  2805.71145, th=  1.56556 
X=  998.01018, Y=  2806.61901, th=  1.56556 
X=  998.01493, Y=  2807.52657, th=  1.56556 
X=  998.01968, Y=  2808.43412, th=  1.56556 
X=  998.02681, Y=  2809.79546, th=  1.56556 
X=  998.03459, Y=  2810.92990, th=  1.56232 
X=  998.04228, Y=  2811.83744, th=  1.56232 
X=  998.05006, Y=  2812.97188, th=  1.56556 
X=  998.05481, Y=  2813.87943, th=  1.56556 
X=  998.05956, Y=  2814.78699, th=  1.56556 
X=  998.06734, Y=  2815.92143, th=  1.56232 
X=  998.07503, Y=  2816.82897, th=  1.56232 
X=  998.08658, Y=  2818.19028, th=  1.56232 
X=  998.09427, Y=  2819.09782, th=  1.56232 
X=  998.10196, Y=  2820.00535, th=  1.56232 
X=  998.10974, Y=  2821.13979, th=  1.56556 
X=  998.11752, Y=  2822.27423, th=  1.56232 
X=  998.12521, Y=  2823.18177, th=  1.56232 
X=  998.13667, Y=  2824.31617, th=  1.55908 
X=  998.14812, Y=  2825.45058, th=  1.56232 
X=  998.15582, Y=  2826.35812, th=  1.56232 
X=  998.16351, Y=  2827.26566, th=  1.56232 
X=  998.17505, Y=  2828.62697, th=  1.56232 
X=  998.18275, Y=  2829.53450, th=  1.56232 
X=  998.19429, Y=  2830.89581, th=  1.56232 
X=  998.20198, Y=  2831.80335, th=  1.56232 
X=  998.20976, Y=  2832.93779, th=  1.56556 
X=  998.21754, Y=  2834.07222, th=  1.56232 
X=  998.22523, Y=  2834.97976, th=  1.56232 
X=  998.23677, Y=  2836.34107, th=  1.56232 
X=  998.24447, Y=  2837.24861, th=  1.56232 
X=  998.25224, Y=  2838.38305, th=  1.56556 
X=  998.25700, Y=  2839.29061, th=  1.56556 
X=  998.26412, Y=  2840.65194, th=  1.56556 
X=  998.26888, Y=  2841.55950, th=  1.56556 
X=  998.27600, Y=  2842.92084, th=  1.56556 
X=  998.28076, Y=  2843.82840, th=  1.56556 
X=  998.28486, Y=  2844.96286, th=  1.56880 
X=  998.28896, Y=  2846.09731, th=  1.56556 
X=  998.29609, Y=  2847.45865, th=  1.56556 
X=  998.30084, Y=  2848.36621, th=  1.56556 
X=  998.30494, Y=  2849.50067, th=  1.56880 
X=  998.30675, Y=  2850.40824, th=  1.56880 
X=  998.30947, Y=  2851.76959, th=  1.56880 
X=  998.31128, Y=  2852.67716, th=  1.56880 
X=  998.31399, Y=  2854.03851, th=  1.56880 
X=  998.31580, Y=  2854.94608, th=  1.56880 
X=  998.31623, Y=  2856.08055, th=  1.57204 
X=  998.31665, Y=  2857.21501, th=  1.56880 
X=  998.31708, Y=  2858.34948, th=  1.57204 
X=  998.31594, Y=  2859.25705, th=  1.57204 
X=  998.31425, Y=  2860.61840, th=  1.57204 
X=  998.31312, Y=  2861.52597, th=  1.57204 
X=  998.30986, Y=  2862.66043, th=  1.57528 
X=  998.30579, Y=  2863.56799, th=  1.57528 
X=  998.29968, Y=  2864.92934, th=  1.57528 
X=  998.29561, Y=  2865.83690, th=  1.57528 
X=  998.29153, Y=  2866.74446, th=  1.57528 
X=  998.28542, Y=  2868.10580, th=  1.57528 
X=  998.28135, Y=  2869.01337, th=  1.57528 
X=  998.27728, Y=  2869.92093, th=  1.57528 
X=  998.27035, Y=  2871.05537, th=  1.57853 
X=  998.26342, Y=  2872.18981, th=  1.57528 
X=  998.25934, Y=  2873.09738, th=  1.57528 
X=  998.25323, Y=  2874.45872, th=  1.57528 
X=  998.24630, Y=  2875.59316, th=  1.57853 
X=  998.23929, Y=  2876.50071, th=  1.57853 
X=  998.23227, Y=  2877.40825, th=  1.57853 
X=  998.22175, Y=  2878.76957, th=  1.57853 
X=  998.21474, Y=  2879.67711, th=  1.57853 
X=  998.20422, Y=  2881.03843, th=  1.57853 
X=  998.19720, Y=  2881.94597, th=  1.57853 
X=  998.19019, Y=  2882.85351, th=  1.57853 
X=  998.18317, Y=  2883.76106, th=  1.57853 
X=  998.17265, Y=  2885.12237, th=  1.57853 
X=  998.16572, Y=  2886.25682, th=  1.57528 
X=  998.16165, Y=  2887.16438, th=  1.57528 
X=  998.15472, Y=  2888.29882, th=  1.57853 
X=  998.14770, Y=  2889.20637, th=  1.57853 
X=  998.13709, Y=  2890.34078, th=  1.58177 
X=  998.12649, Y=  2891.47520, th=  1.57853 
X=  998.11956, Y=  2892.60964, th=  1.57528 
X=  998.11263, Y=  2893.74408, th=  1.57853 
X=  998.10561, Y=  2894.65162, th=  1.57853 
X=  998.09860, Y=  2895.55917, th=  1.57853 
X=  998.09167, Y=  2896.69361, th=  1.57528 
X=  998.08474, Y=  2897.82805, th=  1.57853 
X=  998.07781, Y=  2898.96250, th=  1.57528 
X=  998.07088, Y=  2900.09694, th=  1.57853 
X=  998.06386, Y=  2901.00448, th=  1.57853 
X=  998.05693, Y=  2902.13893, th=  1.57528 
X=  998.05000, Y=  2903.27337, th=  1.57853 
X=  998.04307, Y=  2904.40781, th=  1.57528 
X=  998.03900, Y=  2905.31538, th=  1.57528 
X=  998.03207, Y=  2906.44982, th=  1.57853 
X=  998.02514, Y=  2907.58426, th=  1.57528 
X=  998.02107, Y=  2908.49182, th=  1.57528 
X=  998.01496, Y=  2909.85317, th=  1.57528 
X=  998.01088, Y=  2910.76073, th=  1.57528 
X=  998.00395, Y=  2911.89517, th=  1.57853 
X=  997.99702, Y=  2913.02961, th=  1.57528 
X=  997.99377, Y=  2914.16407, th=  1.57204 
X=  997.99052, Y=  2915.29853, th=  1.57528 
X=  997.98644, Y=  2916.20609, th=  1.57528 
X=  997.98033, Y=  2917.56744, th=  1.57528 
X=  997.97626, Y=  2918.47500, th=  1.57528 
X=  997.97301, Y=  2919.60946, th=  1.57204 
X=  997.96975, Y=  2920.74392, th=  1.57528 
X=  997.96568, Y=  2921.65148, th=  1.57528 
X=  997.95957, Y=  2923.01282, th=  1.57528 
X=  997.95632, Y=  2924.14728, th=  1.57204 
X=  997.95307, Y=  2925.28174, th=  1.57528 
X=  997.94899, Y=  2926.18930, th=  1.57528 
X=  997.94206, Y=  2927.32375, th=  1.57853 
X=  997.93513, Y=  2928.45819, th=  1.57528 
X=  997.93188, Y=  2929.59265, th=  1.57204 
X=  997.92863, Y=  2930.72711, th=  1.57528 
X=  997.92455, Y=  2931.63467, th=  1.57528 
X=  997.92130, Y=  2932.76913, th=  1.57204 
X=  997.91960, Y=  2934.13049, th=  1.57204 
X=  997.91847, Y=  2935.03806, th=  1.57204 
X=  997.91522, Y=  2936.17252, th=  1.57528 
X=  997.91197, Y=  2937.30698, th=  1.57204 
X=  997.91239, Y=  2938.44144, th=  1.56880 
X=  997.91282, Y=  2939.57590, th=  1.57204 
X=  997.91168, Y=  2940.48347, th=  1.57204 
X=  997.90999, Y=  2941.84483, th=  1.57204 
X=  997.91041, Y=  2942.97929, th=  1.56880 
X=  997.91222, Y=  2943.88686, th=  1.56880 
X=  997.91265, Y=  2945.02133, th=  1.57204 
X=  997.91307, Y=  2946.15579, th=  1.56880 
X=  997.91349, Y=  2947.29025, th=  1.57204 
X=  997.91392, Y=  2948.42472, th=  1.56880 
X=  997.91434, Y=  2949.55918, th=  1.57204 
X=  997.91321, Y=  2950.46675, th=  1.57204 
X=  997.91364, Y=  2951.60122, th=  1.56880 
X=  997.91635, Y=  2952.96257, th=  1.56880 
X=  997.91816, Y=  2953.87014, th=  1.56880 
X=  997.91859, Y=  2955.00460, th=  1.57204 
X=  997.91901, Y=  2956.13907, th=  1.56880 
X=  997.92082, Y=  2957.04664, th=  1.56880 
X=  997.92354, Y=  2958.40799, th=  1.56880 
X=  997.92535, Y=  2959.31556, th=  1.56880 
X=  997.92577, Y=  2960.45003, th=  1.57204 
X=  997.92464, Y=  2961.35760, th=  1.57204 
X=  997.92506, Y=  2962.49206, th=  1.56880 
X=  997.92916, Y=  2963.62652, th=  1.56556 
X=  997.93327, Y=  2964.76097, th=  1.56880 
X=  997.93508, Y=  2965.66854, th=  1.56880 
X=  997.93779, Y=  2967.02990, th=  1.56880 
X=  997.93960, Y=  2967.93747, th=  1.56880 
X=  997.94370, Y=  2969.07192, th=  1.56556 
X=  997.94846, Y=  2969.97948, th=  1.56556 
X=  997.95256, Y=  2971.11394, th=  1.56880 
X=  997.95666, Y=  2972.24839, th=  1.56556 
X=  997.96076, Y=  2973.38285, th=  1.56880 
X=  997.96486, Y=  2974.51731, th=  1.56556 
X=  997.96961, Y=  2975.42487, th=  1.56556 
X=  997.97437, Y=  2976.33242, th=  1.56556 
X=  997.98149, Y=  2977.69376, th=  1.56556 
X=  997.98927, Y=  2978.82820, th=  1.56232 
X=  997.99705, Y=  2979.96264, th=  1.56556 
X=  998.00180, Y=  2980.87020, th=  1.56556 
X=  998.00655, Y=  2981.77776, th=  1.56556 
X=  998.01433, Y=  2982.91219, th=  1.56232 
X=  998.02587, Y=  2984.27350, th=  1.56232 
X=  998.03357, Y=  2985.18104, th=  1.56232 
