X=  0.00000, Y=  0.00000, th=  0.00000 
X=  0.00000, Y=  0.00000, th=  0.00000 
X=  0.00000, Y=  0.00000, th=  0.00000 
X=  0.24435, Y=  -0.00039, th=  -0.00318 
X=  0.48869, Y=  -0.00078, th=  0.00000 
X=  0.73304, Y=  -0.00039, th=  0.00318 
X=  0.97738, Y=  0.00000, th=  0.00000 
X=  1.46608, Y=  0.00000, th=  0.00000 
X=  1.71042, Y=  0.00039, th=  0.00318 
X=  2.44346, Y=  0.00156, th=  0.00000 
X=  2.68780, Y=  0.00194, th=  0.00318 
X=  3.17649, Y=  0.00350, th=  0.00318 
X=  3.90952, Y=  0.00700, th=  0.00637 
X=  4.64255, Y=  0.01050, th=  0.00318 
X=  5.13124, Y=  0.01205, th=  0.00318 
X=  5.61993, Y=  0.01361, th=  0.00318 
X=  6.59731, Y=  0.01672, th=  0.00318 
X=  7.08600, Y=  0.01828, th=  0.00318 
X=  7.81903, Y=  0.02177, th=  0.00637 
X=  8.55206, Y=  0.02527, th=  0.00318 
X=  9.04075, Y=  0.02683, th=  0.00318 
X=  9.77378, Y=  0.03033, th=  0.00637 
X=  10.50681, Y=  0.03383, th=  0.00318 
X=  11.48419, Y=  0.03694, th=  0.00318 
X=  11.97288, Y=  0.03849, th=  0.00318 
X=  12.95026, Y=  0.04160, th=  0.00318 
X=  13.43895, Y=  0.04316, th=  0.00318 
X=  14.41633, Y=  0.04627, th=  0.00318 
X=  15.14937, Y=  0.04744, th=  0.00000 
X=  16.12675, Y=  0.04744, th=  0.00000 
X=  16.61544, Y=  0.04744, th=  0.00000 
X=  17.59283, Y=  0.04744, th=  0.00000 
X=  18.57021, Y=  0.04744, th=  0.00000 
X=  19.05890, Y=  0.04744, th=  0.00000 
X=  20.03629, Y=  0.04744, th=  0.00000 
X=  21.01367, Y=  0.04744, th=  0.00000 
X=  21.99106, Y=  0.04744, th=  0.00000 
X=  22.72409, Y=  0.04627, th=  -0.00318 
X=  23.70147, Y=  0.04316, th=  -0.00318 
X=  24.67885, Y=  0.04005, th=  -0.00318 
X=  25.41189, Y=  0.03888, th=  0.00000 
X=  26.38928, Y=  0.03888, th=  0.00000 
X=  27.36666, Y=  0.03888, th=  0.00000 
X=  28.34404, Y=  0.03888, th=  0.00000 
X=  28.83274, Y=  0.03888, th=  0.00000 
X=  29.81012, Y=  0.03888, th=  0.00000 
X=  30.78751, Y=  0.03888, th=  0.00000 
X=  31.76489, Y=  0.03888, th=  0.00000 
X=  32.74227, Y=  0.03888, th=  0.00000 
X=  33.71966, Y=  0.03888, th=  0.00000 
X=  34.45270, Y=  0.03772, th=  -0.00318 
X=  35.18573, Y=  0.03655, th=  0.00000 
X=  36.16312, Y=  0.03655, th=  0.00000 
X=  36.89615, Y=  0.03772, th=  0.00318 
X=  37.87353, Y=  0.04083, th=  0.00318 
X=  38.85091, Y=  0.04394, th=  0.00318 
X=  39.58395, Y=  0.04510, th=  0.00000 
X=  40.56134, Y=  0.04510, th=  0.00000 
X=  41.29437, Y=  0.04627, th=  0.00318 
X=  42.02741, Y=  0.04744, th=  0.00000 
X=  42.76045, Y=  0.04860, th=  0.00318 
X=  43.73783, Y=  0.05171, th=  0.00318 
X=  44.71521, Y=  0.05483, th=  0.00318 
X=  45.44824, Y=  0.05599, th=  0.00000 
X=  46.18128, Y=  0.05716, th=  0.00318 
X=  46.91432, Y=  0.05832, th=  0.00000 
X=  47.64736, Y=  0.05949, th=  0.00318 
X=  48.62474, Y=  0.06260, th=  0.00318 
X=  49.60211, Y=  0.06571, th=  0.00318 
X=  50.09080, Y=  0.06727, th=  0.00318 
X=  51.06818, Y=  0.07038, th=  0.00318 
X=  51.55687, Y=  0.07193, th=  0.00318 
X=  52.53425, Y=  0.07504, th=  0.00318 
X=  53.51163, Y=  0.07815, th=  0.00318 
X=  54.24467, Y=  0.07932, th=  0.00000 
X=  55.22205, Y=  0.07932, th=  0.00000 
X=  55.95509, Y=  0.08049, th=  0.00318 
X=  56.44378, Y=  0.08204, th=  0.00318 
X=  57.42116, Y=  0.08515, th=  0.00318 
X=  58.39854, Y=  0.08826, th=  0.00318 
X=  59.13158, Y=  0.08943, th=  0.00000 
X=  59.86461, Y=  0.09060, th=  0.00318 
X=  60.59765, Y=  0.09176, th=  0.00000 
X=  61.33069, Y=  0.09293, th=  0.00318 
X=  62.30807, Y=  0.09604, th=  0.00318 
X=  63.28545, Y=  0.09915, th=  0.00318 
X=  64.01849, Y=  0.10032, th=  0.00000 
X=  64.75152, Y=  0.10148, th=  0.00318 
X=  65.48456, Y=  0.10265, th=  0.00000 
X=  66.46194, Y=  0.10265, th=  0.00000 
X=  67.19498, Y=  0.10382, th=  0.00318 
X=  67.92802, Y=  0.10498, th=  0.00000 
X=  68.90540, Y=  0.10498, th=  0.00000 
X=  69.63844, Y=  0.10382, th=  -0.00318 
X=  70.61582, Y=  0.10071, th=  -0.00318 
X=  71.34886, Y=  0.09954, th=  0.00000 
X=  72.32624, Y=  0.09954, th=  0.00000 
X=  72.81493, Y=  0.09954, th=  0.00000 
X=  73.79232, Y=  0.09954, th=  0.00000 
X=  74.76970, Y=  0.09954, th=  0.00000 
X=  75.50274, Y=  0.09837, th=  -0.00318 
X=  76.48012, Y=  0.09526, th=  -0.00318 
X=  77.21316, Y=  0.09410, th=  0.00000 
X=  78.19054, Y=  0.09410, th=  0.00000 
X=  78.67923, Y=  0.09410, th=  0.00000 
X=  79.65662, Y=  0.09410, th=  0.00000 
X=  80.63400, Y=  0.09410, th=  0.00000 
X=  81.61139, Y=  0.09410, th=  0.00000 
X=  82.34442, Y=  0.09293, th=  -0.00318 
X=  83.07746, Y=  0.09176, th=  0.00000 
X=  84.05485, Y=  0.09176, th=  0.00000 
X=  84.78788, Y=  0.09293, th=  0.00318 
X=  85.52092, Y=  0.09410, th=  0.00000 
X=  86.49831, Y=  0.09410, th=  0.00000 
X=  87.47569, Y=  0.09410, th=  0.00000 
X=  88.45307, Y=  0.09410, th=  0.00000 
X=  88.94177, Y=  0.09410, th=  0.00000 
X=  89.91915, Y=  0.09410, th=  0.00000 
X=  90.89654, Y=  0.09410, th=  0.00000 
X=  91.62957, Y=  0.09526, th=  0.00318 
X=  92.60695, Y=  0.09837, th=  0.00318 
X=  93.33999, Y=  0.09954, th=  0.00000 
X=  94.31737, Y=  0.09954, th=  0.00000 
X=  95.29476, Y=  0.09954, th=  0.00000 
X=  96.02780, Y=  0.10071, th=  0.00318 
X=  96.76083, Y=  0.10187, th=  0.00000 
X=  97.73822, Y=  0.10187, th=  0.00000 
X=  98.47125, Y=  0.10304, th=  0.00318 
X=  99.44863, Y=  0.10615, th=  0.00318 
X=  100.42601, Y=  0.10926, th=  0.00318 
X=  101.40339, Y=  0.11237, th=  0.00318 
X=  102.13643, Y=  0.11354, th=  0.00000 
X=  102.86947, Y=  0.11470, th=  0.00318 
X=  103.84685, Y=  0.11782, th=  0.00318 
X=  104.57988, Y=  0.11898, th=  0.00000 
X=  105.31292, Y=  0.12015, th=  0.00318 
X=  106.29030, Y=  0.12326, th=  0.00318 
X=  107.26768, Y=  0.12637, th=  0.00318 
X=  108.24506, Y=  0.12948, th=  0.00318 
X=  108.97810, Y=  0.13065, th=  0.00000 
X=  109.95548, Y=  0.13065, th=  0.00000 
X=  110.93287, Y=  0.13065, th=  0.00000 
X=  111.42156, Y=  0.13065, th=  0.00000 
X=  112.39894, Y=  0.13065, th=  0.00000 
X=  113.13198, Y=  0.13181, th=  0.00318 
X=  113.86502, Y=  0.13298, th=  0.00000 
X=  114.84240, Y=  0.13298, th=  0.00000 
X=  115.81979, Y=  0.13298, th=  0.00000 
X=  116.55282, Y=  0.13181, th=  -0.00318 
X=  117.53020, Y=  0.12870, th=  -0.00318 
X=  118.26324, Y=  0.12754, th=  0.00000 
X=  119.24062, Y=  0.12754, th=  0.00000 
X=  119.97366, Y=  0.12870, th=  0.00318 
X=  120.70670, Y=  0.12987, th=  0.00000 
X=  121.68408, Y=  0.12987, th=  0.00000 
X=  122.41712, Y=  0.12870, th=  -0.00318 
X=  123.15016, Y=  0.12754, th=  0.00000 
X=  124.12754, Y=  0.12754, th=  0.00000 
X=  124.86058, Y=  0.12870, th=  0.00318 
X=  125.59362, Y=  0.12987, th=  0.00000 
X=  126.57100, Y=  0.12987, th=  0.00000 
X=  127.54839, Y=  0.12987, th=  0.00000 
X=  128.03708, Y=  0.12987, th=  0.00000 
X=  129.01446, Y=  0.12987, th=  0.00000 
X=  129.74750, Y=  0.13104, th=  0.00318 
X=  130.48054, Y=  0.13220, th=  0.00000 
X=  131.45792, Y=  0.13220, th=  0.00000 
X=  132.43531, Y=  0.13220, th=  0.00000 
X=  133.16834, Y=  0.13104, th=  -0.00318 
X=  133.90138, Y=  0.12987, th=  0.00000 
X=  134.87877, Y=  0.12987, th=  0.00000 
X=  135.61180, Y=  0.13104, th=  0.00318 
X=  136.34484, Y=  0.13220, th=  0.00000 
X=  137.32222, Y=  0.13220, th=  0.00000 
X=  138.29961, Y=  0.13220, th=  0.00000 
X=  139.03265, Y=  0.13337, th=  0.00318 
X=  139.76568, Y=  0.13454, th=  0.00000 
X=  140.74307, Y=  0.13454, th=  0.00000 
X=  141.47611, Y=  0.13570, th=  0.00318 
X=  142.45348, Y=  0.13881, th=  0.00318 
X=  143.18652, Y=  0.13998, th=  0.00000 
X=  144.16391, Y=  0.13998, th=  0.00000 
X=  144.89694, Y=  0.14115, th=  0.00318 
X=  145.62998, Y=  0.14231, th=  0.00000 
X=  146.36302, Y=  0.14348, th=  0.00318 
X=  147.34040, Y=  0.14659, th=  0.00318 
X=  148.31778, Y=  0.14970, th=  0.00318 
X=  149.05081, Y=  0.15087, th=  0.00000 
X=  150.02820, Y=  0.15087, th=  0.00000 
X=  150.76124, Y=  0.15203, th=  0.00318 
X=  151.49427, Y=  0.15320, th=  0.00000 
X=  152.22731, Y=  0.15437, th=  0.00318 
X=  153.20469, Y=  0.15748, th=  0.00318 
X=  154.18207, Y=  0.16059, th=  0.00318 
X=  154.91511, Y=  0.16175, th=  0.00000 
X=  155.89249, Y=  0.16175, th=  0.00000 
X=  156.62553, Y=  0.16292, th=  0.00318 
X=  157.35857, Y=  0.16409, th=  0.00000 
X=  158.33595, Y=  0.16409, th=  0.00000 
X=  159.06899, Y=  0.16525, th=  0.00318 
X=  160.04637, Y=  0.16836, th=  0.00318 
X=  160.77941, Y=  0.16953, th=  0.00000 
X=  161.75679, Y=  0.16953, th=  0.00000 
X=  162.48983, Y=  0.17070, th=  0.00318 
X=  163.22286, Y=  0.17186, th=  0.00000 
X=  163.95590, Y=  0.17303, th=  0.00318 
X=  164.93328, Y=  0.17614, th=  0.00318 
X=  165.91066, Y=  0.17925, th=  0.00318 
X=  166.64370, Y=  0.18042, th=  0.00000 
X=  167.62108, Y=  0.18042, th=  0.00000 
X=  168.59847, Y=  0.18042, th=  0.00000 
X=  169.08716, Y=  0.18042, th=  0.00000 
X=  170.06454, Y=  0.18042, th=  0.00000 
X=  170.79758, Y=  0.18158, th=  0.00318 
X=  171.53062, Y=  0.18275, th=  0.00000 
X=  172.50800, Y=  0.18275, th=  0.00000 
X=  173.48539, Y=  0.18275, th=  0.00000 
X=  174.21842, Y=  0.18158, th=  -0.00318 
X=  174.95146, Y=  0.18042, th=  0.00000 
X=  175.92885, Y=  0.18042, th=  0.00000 
X=  176.66188, Y=  0.18158, th=  0.00318 
X=  177.39492, Y=  0.18275, th=  0.00000 
X=  178.37230, Y=  0.18275, th=  0.00000 
X=  179.34969, Y=  0.18275, th=  0.00000 
X=  180.08273, Y=  0.18158, th=  -0.00318 
X=  181.06011, Y=  0.17847, th=  -0.00318 
X=  181.79314, Y=  0.17731, th=  0.00000 
X=  182.77053, Y=  0.17731, th=  0.00000 
X=  183.25922, Y=  0.17731, th=  0.00000 
X=  184.23660, Y=  0.17731, th=  0.00000 
X=  185.21399, Y=  0.17731, th=  0.00000 
X=  185.94703, Y=  0.17614, th=  -0.00318 
X=  186.92441, Y=  0.17303, th=  -0.00318 
X=  187.65744, Y=  0.17186, th=  0.00000 
X=  188.39048, Y=  0.17070, th=  -0.00318 
X=  189.12352, Y=  0.16953, th=  0.00000 
X=  190.10090, Y=  0.16953, th=  0.00000 
X=  190.83394, Y=  0.16836, th=  -0.00318 
X=  191.81132, Y=  0.16525, th=  -0.00318 
X=  192.78870, Y=  0.16214, th=  -0.00318 
X=  193.52174, Y=  0.16098, th=  0.00000 
X=  194.25477, Y=  0.15981, th=  -0.00318 
X=  194.98781, Y=  0.15864, th=  0.00000 
X=  195.96519, Y=  0.15864, th=  0.00000 
X=  196.69823, Y=  0.15748, th=  -0.00318 
X=  197.67561, Y=  0.15437, th=  -0.00318 
X=  198.40865, Y=  0.15320, th=  0.00000 
X=  199.38603, Y=  0.15320, th=  0.00000 
X=  200.11907, Y=  0.15203, th=  -0.00318 
X=  200.85211, Y=  0.15087, th=  0.00000 
X=  201.82949, Y=  0.15087, th=  0.00000 
X=  202.80688, Y=  0.15087, th=  0.00000 
X=  203.53991, Y=  0.14970, th=  -0.00318 
X=  204.51729, Y=  0.14659, th=  -0.00318 
X=  205.25033, Y=  0.14542, th=  0.00000 
X=  206.22772, Y=  0.14542, th=  0.00000 
X=  206.71641, Y=  0.14542, th=  0.00000 
X=  207.69379, Y=  0.14542, th=  0.00000 
X=  208.67118, Y=  0.14542, th=  0.00000 
X=  209.64856, Y=  0.14542, th=  0.00000 
X=  210.62594, Y=  0.14542, th=  0.00000 
X=  211.35898, Y=  0.14426, th=  -0.00318 
X=  212.09202, Y=  0.14309, th=  0.00000 
X=  213.06940, Y=  0.14309, th=  0.00000 
X=  213.80244, Y=  0.14426, th=  0.00318 
X=  214.77982, Y=  0.14737, th=  0.00318 
X=  215.51286, Y=  0.14853, th=  0.00000 
X=  216.49024, Y=  0.14853, th=  0.00000 
X=  217.46763, Y=  0.14853, th=  0.00000 
X=  217.95632, Y=  0.14853, th=  0.00000 
X=  218.93370, Y=  0.14853, th=  0.00000 
X=  219.91109, Y=  0.14853, th=  0.00000 
X=  220.64413, Y=  0.14970, th=  0.00318 
X=  221.62150, Y=  0.15281, th=  0.00318 
X=  222.35454, Y=  0.15398, th=  0.00000 
X=  223.33193, Y=  0.15398, th=  0.00000 
X=  223.82062, Y=  0.15398, th=  0.00000 
X=  224.79800, Y=  0.15398, th=  0.00000 
X=  225.53104, Y=  0.15514, th=  0.00318 
X=  226.50842, Y=  0.15825, th=  0.00318 
X=  227.24146, Y=  0.15942, th=  0.00000 
X=  228.21884, Y=  0.15942, th=  0.00000 
X=  229.19623, Y=  0.15942, th=  0.00000 
X=  229.68492, Y=  0.15942, th=  0.00000 
X=  230.66230, Y=  0.15942, th=  0.00000 
X=  231.39534, Y=  0.16059, th=  0.00318 
X=  232.12838, Y=  0.16175, th=  0.00000 
X=  233.10576, Y=  0.16175, th=  0.00000 
X=  234.08315, Y=  0.16175, th=  0.00000 
X=  234.81618, Y=  0.16059, th=  -0.00318 
X=  235.54922, Y=  0.15942, th=  0.00000 
X=  236.52661, Y=  0.15942, th=  0.00000 
X=  237.25964, Y=  0.16059, th=  0.00318 
X=  237.99268, Y=  0.16175, th=  0.00000 
X=  238.97006, Y=  0.16175, th=  0.00000 
X=  239.94745, Y=  0.16175, th=  0.00000 
X=  240.43614, Y=  0.16175, th=  0.00000 
X=  241.41353, Y=  0.16175, th=  0.00000 
X=  242.39091, Y=  0.16175, th=  0.00000 
X=  242.87960, Y=  0.16175, th=  0.00000 
X=  243.85699, Y=  0.16175, th=  0.00000 
X=  244.83437, Y=  0.16175, th=  0.00000 
X=  245.56741, Y=  0.16059, th=  -0.00318 
X=  246.54479, Y=  0.15748, th=  -0.00318 
X=  247.27782, Y=  0.15631, th=  0.00000 
X=  248.25521, Y=  0.15631, th=  0.00000 
X=  248.74390, Y=  0.15631, th=  0.00000 
X=  249.72129, Y=  0.15631, th=  0.00000 
X=  250.69867, Y=  0.15631, th=  0.00000 
X=  251.67605, Y=  0.15631, th=  0.00000 
X=  252.16475, Y=  0.15631, th=  0.00000 
X=  253.14213, Y=  0.15631, th=  0.00000 
X=  253.87517, Y=  0.15748, th=  0.00318 
X=  254.85255, Y=  0.16059, th=  0.00318 
X=  255.58559, Y=  0.16175, th=  0.00000 
X=  256.56297, Y=  0.16175, th=  0.00000 
X=  257.29601, Y=  0.16292, th=  0.00318 
X=  258.02904, Y=  0.16409, th=  0.00000 
X=  259.00643, Y=  0.16409, th=  0.00000 
X=  259.73947, Y=  0.16525, th=  0.00318 
X=  260.71685, Y=  0.16836, th=  0.00318 
X=  261.69422, Y=  0.17147, th=  0.00318 
X=  262.42726, Y=  0.17264, th=  0.00000 
X=  263.40465, Y=  0.17264, th=  0.00000 
X=  264.13768, Y=  0.17381, th=  0.00318 
X=  264.87072, Y=  0.17497, th=  0.00000 
X=  265.84811, Y=  0.17497, th=  0.00000 
X=  266.58114, Y=  0.17614, th=  0.00318 
X=  267.55852, Y=  0.17925, th=  0.00318 
X=  268.53590, Y=  0.18236, th=  0.00318 
X=  269.51328, Y=  0.18547, th=  0.00318 
X=  270.49066, Y=  0.18858, th=  0.00318 
X=  271.22370, Y=  0.18975, th=  0.00000 
X=  271.95674, Y=  0.19092, th=  0.00318 
X=  272.93411, Y=  0.19403, th=  0.00318 
X=  273.91149, Y=  0.19714, th=  0.00318 
X=  274.40018, Y=  0.19869, th=  0.00318 
X=  275.37756, Y=  0.20180, th=  0.00318 
X=  276.35494, Y=  0.20491, th=  0.00318 
X=  277.33232, Y=  0.20802, th=  0.00318 
X=  278.30970, Y=  0.21113, th=  0.00318 
X=  279.04274, Y=  0.21230, th=  0.00000 
X=  279.77578, Y=  0.21347, th=  0.00318 
X=  280.75316, Y=  0.21658, th=  0.00318 
X=  281.48619, Y=  0.21775, th=  0.00000 
X=  282.21923, Y=  0.21891, th=  0.00318 
X=  283.19661, Y=  0.22202, th=  0.00318 
X=  284.17399, Y=  0.22513, th=  0.00318 
X=  285.15137, Y=  0.22824, th=  0.00318 
X=  285.88441, Y=  0.22941, th=  0.00000 
X=  286.86179, Y=  0.22941, th=  0.00000 
X=  287.59483, Y=  0.23058, th=  0.00318 
X=  288.57221, Y=  0.23369, th=  0.00318 
X=  289.30524, Y=  0.23485, th=  0.00000 
X=  290.03828, Y=  0.23602, th=  0.00318 
X=  291.01566, Y=  0.23913, th=  0.00318 
X=  291.74870, Y=  0.24030, th=  0.00000 
X=  292.72608, Y=  0.24030, th=  0.00000 
X=  293.45912, Y=  0.23913, th=  -0.00318 
X=  294.19216, Y=  0.23796, th=  0.00000 
X=  295.16954, Y=  0.23796, th=  0.00000 
X=  295.90258, Y=  0.23913, th=  0.00318 
X=  296.63562, Y=  0.24030, th=  0.00000 
X=  297.61300, Y=  0.24030, th=  0.00000 
X=  298.59039, Y=  0.24030, th=  0.00000 
X=  299.56777, Y=  0.24030, th=  0.00000 
X=  300.05646, Y=  0.24030, th=  0.00000 
X=  301.03385, Y=  0.24030, th=  0.00000 
X=  301.76688, Y=  0.24146, th=  0.00318 
X=  302.49992, Y=  0.24263, th=  0.00000 
X=  303.47731, Y=  0.24263, th=  0.00000 
X=  304.21034, Y=  0.24146, th=  -0.00318 
X=  305.18772, Y=  0.23835, th=  -0.00318 
X=  305.92076, Y=  0.23719, th=  0.00000 
X=  306.89814, Y=  0.23719, th=  0.00000 
X=  307.38684, Y=  0.23719, th=  0.00000 
X=  308.36422, Y=  0.23719, th=  0.00000 
X=  309.34161, Y=  0.23719, th=  0.00000 
X=  310.07464, Y=  0.23602, th=  -0.00318 
X=  310.80768, Y=  0.23485, th=  0.00000 
X=  311.78506, Y=  0.23485, th=  0.00000 
X=  312.76245, Y=  0.23485, th=  0.00000 
X=  313.49549, Y=  0.23602, th=  0.00318 
X=  314.22852, Y=  0.23719, th=  0.00000 
X=  315.20591, Y=  0.23719, th=  0.00000 
X=  316.18329, Y=  0.23719, th=  0.00000 
X=  316.67198, Y=  0.23719, th=  0.00000 
X=  317.64937, Y=  0.23719, th=  0.00000 
X=  318.38241, Y=  0.23835, th=  0.00318 
X=  319.35979, Y=  0.24146, th=  0.00318 
X=  320.09282, Y=  0.24263, th=  0.00000 
X=  321.07021, Y=  0.24263, th=  0.00000 
X=  321.55890, Y=  0.24263, th=  0.00000 
X=  322.53628, Y=  0.24263, th=  0.00000 
X=  323.26932, Y=  0.24380, th=  0.00318 
X=  324.24670, Y=  0.24691, th=  0.00318 
X=  324.97974, Y=  0.24807, th=  0.00000 
X=  325.95712, Y=  0.24807, th=  0.00000 
X=  326.69016, Y=  0.24924, th=  0.00318 
X=  327.42320, Y=  0.25041, th=  0.00000 
X=  328.15623, Y=  0.25157, th=  0.00318 
X=  329.13361, Y=  0.25468, th=  0.00318 
X=  330.11099, Y=  0.25779, th=  0.00318 
X=  330.84403, Y=  0.25896, th=  0.00000 
X=  331.82142, Y=  0.25896, th=  0.00000 
X=  332.31011, Y=  0.25896, th=  0.00000 
X=  333.28749, Y=  0.25896, th=  0.00000 
X=  334.26488, Y=  0.25896, th=  0.00000 
X=  334.99791, Y=  0.26013, th=  0.00318 
X=  335.73095, Y=  0.26129, th=  0.00000 
X=  336.70834, Y=  0.26129, th=  0.00000 
X=  337.68572, Y=  0.26129, th=  0.00000 
X=  338.17441, Y=  0.26129, th=  0.00000 
X=  339.15180, Y=  0.26129, th=  0.00000 
X=  340.12918, Y=  0.26129, th=  0.00000 
X=  341.10656, Y=  0.26129, th=  0.00000 
X=  341.83960, Y=  0.26246, th=  0.00318 
X=  342.57264, Y=  0.26363, th=  0.00000 
X=  343.55002, Y=  0.26363, th=  0.00000 
X=  344.28306, Y=  0.26246, th=  -0.00318 
X=  345.01610, Y=  0.26129, th=  0.00000 
X=  345.99348, Y=  0.26129, th=  0.00000 
X=  346.97087, Y=  0.26129, th=  0.00000 
X=  347.45956, Y=  0.26129, th=  0.00000 
X=  348.43694, Y=  0.26129, th=  0.00000 
X=  349.41433, Y=  0.26129, th=  0.00000 
X=  350.14737, Y=  0.26013, th=  -0.00318 
X=  351.12475, Y=  0.25702, th=  -0.00318 
X=  351.85778, Y=  0.25585, th=  0.00000 
X=  352.83517, Y=  0.25585, th=  0.00000 
X=  353.32386, Y=  0.25585, th=  0.00000 
X=  354.30124, Y=  0.25585, th=  0.00000 
X=  355.27863, Y=  0.25585, th=  0.00000 
X=  356.01167, Y=  0.25468, th=  -0.00318 
X=  356.98904, Y=  0.25157, th=  -0.00318 
X=  357.96642, Y=  0.24846, th=  -0.00318 
X=  358.94380, Y=  0.24535, th=  -0.00318 
X=  359.67684, Y=  0.24419, th=  0.00000 
X=  360.40988, Y=  0.24302, th=  -0.00318 
X=  361.14292, Y=  0.24185, th=  0.00000 
X=  362.12030, Y=  0.24185, th=  0.00000 
X=  362.85334, Y=  0.24069, th=  -0.00318 
X=  363.83072, Y=  0.23758, th=  -0.00318 
X=  364.56375, Y=  0.23641, th=  0.00000 
X=  365.54114, Y=  0.23641, th=  0.00000 
X=  366.27418, Y=  0.23524, th=  -0.00318 
X=  367.00721, Y=  0.23408, th=  0.00000 
X=  367.98460, Y=  0.23408, th=  0.00000 
X=  368.71764, Y=  0.23291, th=  -0.00318 
X=  369.69501, Y=  0.22980, th=  -0.00318 
X=  370.42805, Y=  0.22863, th=  0.00000 
X=  371.16109, Y=  0.22747, th=  -0.00318 
X=  371.89413, Y=  0.22630, th=  0.00000 
X=  372.87151, Y=  0.22630, th=  0.00000 
X=  373.60455, Y=  0.22513, th=  -0.00318 
X=  374.58193, Y=  0.22202, th=  -0.00318 
X=  375.55931, Y=  0.21891, th=  -0.00318 
X=  376.29234, Y=  0.21775, th=  0.00000 
X=  377.02538, Y=  0.21658, th=  -0.00318 
X=  377.75842, Y=  0.21541, th=  0.00000 
X=  378.49146, Y=  0.21425, th=  -0.00318 
X=  379.46884, Y=  0.21113, th=  -0.00318 
X=  380.20187, Y=  0.20997, th=  0.00000 
X=  380.93491, Y=  0.20880, th=  -0.00318 
X=  381.66795, Y=  0.20764, th=  0.00000 
X=  382.64533, Y=  0.20764, th=  0.00000 
X=  383.62272, Y=  0.20764, th=  0.00000 
X=  384.35575, Y=  0.20647, th=  -0.00318 
X=  385.08879, Y=  0.20530, th=  0.00000 
X=  386.06618, Y=  0.20530, th=  0.00000 
X=  386.79921, Y=  0.20647, th=  0.00318 
X=  387.53225, Y=  0.20764, th=  0.00000 
X=  388.50963, Y=  0.20764, th=  0.00000 
X=  388.99833, Y=  0.20764, th=  0.00000 
X=  389.97571, Y=  0.20764, th=  0.00000 
X=  390.70875, Y=  0.20880, th=  0.00318 
X=  391.68613, Y=  0.21191, th=  0.00318 
X=  392.41917, Y=  0.21308, th=  0.00000 
X=  393.39655, Y=  0.21308, th=  0.00000 
X=  394.12959, Y=  0.21425, th=  0.00318 
X=  394.86262, Y=  0.21541, th=  0.00000 
X=  395.59566, Y=  0.21658, th=  0.00318 
X=  396.57304, Y=  0.21969, th=  0.00318 
X=  397.30608, Y=  0.22086, th=  0.00000 
X=  398.28346, Y=  0.22086, th=  0.00000 
X=  398.77216, Y=  0.22086, th=  0.00000 
X=  399.74954, Y=  0.22086, th=  0.00000 
X=  400.48258, Y=  0.22202, th=  0.00318 
X=  401.45996, Y=  0.22513, th=  0.00318 
X=  402.19299, Y=  0.22630, th=  0.00000 
X=  403.17038, Y=  0.22630, th=  0.00000 
X=  403.90342, Y=  0.22513, th=  -0.00318 
X=  404.63645, Y=  0.22397, th=  0.00000 
X=  405.61384, Y=  0.22397, th=  0.00000 
X=  406.10253, Y=  0.22397, th=  0.00000 
X=  407.07991, Y=  0.22397, th=  0.00000 
X=  408.05730, Y=  0.22397, th=  0.00000 
X=  408.79034, Y=  0.22280, th=  -0.00318 
X=  409.76772, Y=  0.21969, th=  -0.00318 
X=  410.50075, Y=  0.21852, th=  0.00000 
X=  411.23379, Y=  0.21736, th=  -0.00318 
X=  411.96683, Y=  0.21619, th=  0.00000 
X=  412.94421, Y=  0.21619, th=  0.00000 
X=  413.67725, Y=  0.21502, th=  -0.00318 
X=  414.65463, Y=  0.21191, th=  -0.00318 
X=  415.63201, Y=  0.20880, th=  -0.00318 
X=  416.36505, Y=  0.20764, th=  0.00000 
X=  417.09808, Y=  0.20647, th=  -0.00318 
X=  418.07546, Y=  0.20336, th=  -0.00318 
X=  418.80850, Y=  0.20219, th=  0.00000 
X=  419.54154, Y=  0.20103, th=  -0.00318 
X=  420.51892, Y=  0.19791, th=  -0.00318 
X=  421.49630, Y=  0.19480, th=  -0.00318 
X=  421.98499, Y=  0.19325, th=  -0.00318 
X=  422.96236, Y=  0.19014, th=  -0.00318 
X=  423.93974, Y=  0.18703, th=  -0.00318 
X=  424.42843, Y=  0.18547, th=  -0.00318 
X=  425.40581, Y=  0.18236, th=  -0.00318 
X=  426.38319, Y=  0.17925, th=  -0.00318 
X=  427.36057, Y=  0.17614, th=  -0.00318 
X=  428.09361, Y=  0.17497, th=  0.00000 
X=  428.82665, Y=  0.17381, th=  -0.00318 
X=  429.55968, Y=  0.17264, th=  0.00000 
X=  430.53707, Y=  0.17264, th=  0.00000 
X=  431.51445, Y=  0.17264, th=  0.00000 
X=  432.24749, Y=  0.17147, th=  -0.00318 
X=  432.98053, Y=  0.17031, th=  0.00000 
X=  433.95791, Y=  0.17031, th=  0.00000 
X=  434.69095, Y=  0.17147, th=  0.00318 
X=  435.66833, Y=  0.17458, th=  0.00318 
X=  436.40137, Y=  0.17575, th=  0.00000 
X=  437.37875, Y=  0.17575, th=  0.00000 
X=  438.35614, Y=  0.17575, th=  0.00000 
X=  439.08917, Y=  0.17692, th=  0.00318 
X=  439.82221, Y=  0.17808, th=  0.00000 
X=  440.55525, Y=  0.17925, th=  0.00318 
X=  441.53263, Y=  0.18236, th=  0.00318 
X=  442.51001, Y=  0.18547, th=  0.00318 
X=  443.48739, Y=  0.18858, th=  0.00318 
X=  444.22042, Y=  0.18975, th=  0.00000 
X=  444.95346, Y=  0.19092, th=  0.00318 
X=  445.93084, Y=  0.19403, th=  0.00318 
X=  446.66388, Y=  0.19519, th=  0.00000 
X=  447.39691, Y=  0.19636, th=  0.00318 
X=  448.37429, Y=  0.19947, th=  0.00318 
X=  449.35167, Y=  0.20258, th=  0.00318 
X=  450.32905, Y=  0.20569, th=  0.00318 
X=  451.06209, Y=  0.20686, th=  0.00000 
X=  452.03947, Y=  0.20686, th=  0.00000 
X=  452.77251, Y=  0.20802, th=  0.00318 
X=  453.74989, Y=  0.21113, th=  0.00318 
X=  454.48293, Y=  0.21230, th=  0.00000 
X=  455.21597, Y=  0.21347, th=  0.00318 
X=  456.19335, Y=  0.21658, th=  0.00318 
X=  457.17072, Y=  0.21969, th=  0.00318 
X=  458.14810, Y=  0.22280, th=  0.00318 
X=  458.88114, Y=  0.22397, th=  0.00000 
X=  459.85853, Y=  0.22397, th=  0.00000 
X=  460.59156, Y=  0.22513, th=  0.00318 
X=  461.56894, Y=  0.22824, th=  0.00318 
X=  462.30198, Y=  0.22941, th=  0.00000 
X=  463.27936, Y=  0.22941, th=  0.00000 
X=  464.01240, Y=  0.23058, th=  0.00318 
X=  464.98978, Y=  0.23369, th=  0.00318 
X=  465.72282, Y=  0.23485, th=  0.00000 
X=  466.70020, Y=  0.23485, th=  0.00000 
X=  467.67759, Y=  0.23485, th=  0.00000 
X=  468.16628, Y=  0.23485, th=  0.00000 
X=  469.14366, Y=  0.23485, th=  0.00000 
X=  469.87670, Y=  0.23602, th=  0.00318 
X=  470.85408, Y=  0.23913, th=  0.00318 
X=  471.58712, Y=  0.24030, th=  0.00000 
X=  472.56450, Y=  0.24030, th=  0.00000 
X=  473.54189, Y=  0.24030, th=  0.00000 
X=  474.27492, Y=  0.23913, th=  -0.00318 
X=  475.00796, Y=  0.23796, th=  0.00000 
X=  475.98535, Y=  0.23796, th=  0.00000 
X=  476.71838, Y=  0.23913, th=  0.00318 
X=  477.45142, Y=  0.24030, th=  0.00000 
X=  478.42881, Y=  0.24030, th=  0.00000 
X=  479.40619, Y=  0.24030, th=  0.00000 
X=  480.13923, Y=  0.23913, th=  -0.00318 
X=  480.87226, Y=  0.23796, th=  0.00000 
X=  481.84965, Y=  0.23796, th=  0.00000 
X=  482.33834, Y=  0.23796, th=  0.00000 
X=  483.31573, Y=  0.23796, th=  0.00000 
X=  484.29311, Y=  0.23796, th=  0.00000 
X=  485.02615, Y=  0.23680, th=  -0.00318 
X=  485.75918, Y=  0.23563, th=  0.00000 
X=  486.73657, Y=  0.23563, th=  0.00000 
X=  487.46961, Y=  0.23680, th=  0.00318 
X=  488.44699, Y=  0.23991, th=  0.00318 
X=  489.18002, Y=  0.24107, th=  0.00000 
X=  490.15741, Y=  0.24107, th=  0.00000 
X=  490.89044, Y=  0.23991, th=  -0.00318 
X=  491.62348, Y=  0.23874, th=  0.00000 
X=  492.60087, Y=  0.23874, th=  0.00000 
X=  493.33390, Y=  0.23991, th=  0.00318 
X=  494.31128, Y=  0.24302, th=  0.00318 
X=  495.04432, Y=  0.24419, th=  0.00000 
X=  496.02170, Y=  0.24419, th=  0.00000 
X=  496.99909, Y=  0.24419, th=  0.00000 
X=  497.48778, Y=  0.24419, th=  0.00000 
X=  498.46517, Y=  0.24419, th=  0.00000 
X=  499.19820, Y=  0.24535, th=  0.00318 
X=  500.17558, Y=  0.24846, th=  0.00318 
X=  500.90862, Y=  0.24963, th=  0.00000 
X=  501.88600, Y=  0.24963, th=  0.00000 
X=  502.61904, Y=  0.24846, th=  -0.00318 
X=  503.35208, Y=  0.24730, th=  0.00000 
X=  504.32946, Y=  0.24730, th=  0.00000 
X=  505.06250, Y=  0.24846, th=  0.00318 
X=  505.79554, Y=  0.24963, th=  0.00000 
X=  506.77292, Y=  0.24963, th=  0.00000 
X=  507.75031, Y=  0.24963, th=  0.00000 
X=  508.72769, Y=  0.24963, th=  0.00000 
X=  509.21638, Y=  0.24963, th=  0.00000 
X=  510.19377, Y=  0.24963, th=  0.00000 
X=  510.92681, Y=  0.25080, th=  0.00318 
X=  511.90418, Y=  0.25391, th=  0.00318 
X=  512.63722, Y=  0.25507, th=  0.00000 
X=  513.61461, Y=  0.25507, th=  0.00000 
X=  514.59199, Y=  0.25507, th=  0.00000 
X=  515.08068, Y=  0.25507, th=  0.00000 
X=  516.05807, Y=  0.25507, th=  0.00000 
X=  516.79110, Y=  0.25624, th=  0.00318 
X=  517.52414, Y=  0.25741, th=  0.00000 
X=  518.50153, Y=  0.25741, th=  0.00000 
X=  519.47891, Y=  0.25741, th=  0.00000 
X=  520.21195, Y=  0.25624, th=  -0.00318 
X=  520.94499, Y=  0.25507, th=  0.00000 
X=  521.92237, Y=  0.25507, th=  0.00000 
X=  522.65541, Y=  0.25624, th=  0.00318 
X=  523.38844, Y=  0.25741, th=  0.00000 
X=  524.36583, Y=  0.25741, th=  0.00000 
X=  525.09887, Y=  0.25624, th=  -0.00318 
X=  525.83190, Y=  0.25507, th=  0.00000 
X=  526.80929, Y=  0.25507, th=  0.00000 
X=  527.29798, Y=  0.25507, th=  0.00000 
X=  528.27536, Y=  0.25507, th=  0.00000 
X=  529.00840, Y=  0.25391, th=  -0.00318 
X=  529.98578, Y=  0.25080, th=  -0.00318 
X=  530.96316, Y=  0.24769, th=  -0.00318 
X=  531.69620, Y=  0.24652, th=  0.00000 
X=  533.40662, Y=  0.24380, th=  -0.00318 
X=  534.38400, Y=  0.24069, th=  -0.00318 
X=  535.11704, Y=  0.23952, th=  0.00000 
X=  536.09442, Y=  0.23952, th=  0.00000 
X=  536.82746, Y=  0.23835, th=  -0.00318 
X=  537.80484, Y=  0.23524, th=  -0.00318 
X=  538.78222, Y=  0.23213, th=  -0.00318 
X=  539.75960, Y=  0.22902, th=  -0.00318 
X=  540.49263, Y=  0.22785, th=  0.00000 
X=  541.47002, Y=  0.22785, th=  0.00000 
X=  542.20305, Y=  0.22669, th=  -0.00318 
X=  543.18043, Y=  0.22358, th=  -0.00318 
X=  543.91347, Y=  0.22241, th=  0.00000 
X=  544.89086, Y=  0.22241, th=  0.00000 
X=  545.62389, Y=  0.22124, th=  -0.00318 
X=  546.60127, Y=  0.21813, th=  -0.00318 
X=  547.57865, Y=  0.21502, th=  -0.00318 
X=  548.55603, Y=  0.21191, th=  -0.00318 
X=  549.53341, Y=  0.20880, th=  -0.00318 
X=  550.02210, Y=  0.20725, th=  -0.00318 
X=  550.99948, Y=  0.20414, th=  -0.00318 
X=  551.73252, Y=  0.20297, th=  0.00000 
X=  552.70990, Y=  0.20297, th=  0.00000 
X=  553.44294, Y=  0.20180, th=  -0.00318 
X=  554.42032, Y=  0.19869, th=  -0.00318 
X=  555.39770, Y=  0.19558, th=  -0.00318 
X=  556.37508, Y=  0.19247, th=  -0.00318 
X=  557.35246, Y=  0.18936, th=  -0.00318 
X=  558.08549, Y=  0.18819, th=  0.00000 
X=  559.06288, Y=  0.18819, th=  0.00000 
X=  559.55157, Y=  0.18819, th=  0.00000 
X=  560.52896, Y=  0.18819, th=  0.00000 
X=  561.50634, Y=  0.18819, th=  0.00000 
X=  562.48372, Y=  0.18819, th=  0.00000 
X=  563.46111, Y=  0.18819, th=  0.00000 
X=  563.94980, Y=  0.18819, th=  0.00000 
X=  564.92718, Y=  0.18819, th=  0.00000 
X=  565.66022, Y=  0.18936, th=  0.00318 
X=  566.63760, Y=  0.19247, th=  0.00318 
X=  567.37064, Y=  0.19364, th=  0.00000 
X=  568.34802, Y=  0.19364, th=  0.00000 
X=  569.08106, Y=  0.19480, th=  0.00318 
X=  569.81410, Y=  0.19597, th=  0.00000 
X=  570.54714, Y=  0.19714, th=  0.00318 
X=  571.52451, Y=  0.20025, th=  0.00318 
X=  572.25755, Y=  0.20141, th=  0.00000 
X=  573.23494, Y=  0.20141, th=  0.00000 
X=  573.96797, Y=  0.20025, th=  -0.00318 
X=  574.70101, Y=  0.19908, th=  0.00000 
X=  575.67840, Y=  0.19908, th=  0.00000 
X=  576.16709, Y=  0.19908, th=  0.00000 
X=  577.14447, Y=  0.19908, th=  0.00000 
X=  577.87751, Y=  0.19791, th=  -0.00318 
X=  578.85489, Y=  0.19480, th=  -0.00318 
X=  579.58793, Y=  0.19364, th=  0.00000 
X=  580.56531, Y=  0.19364, th=  0.00000 
X=  581.54270, Y=  0.19364, th=  0.00000 
X=  582.03139, Y=  0.19364, th=  0.00000 
X=  583.00877, Y=  0.19364, th=  0.00000 
X=  583.74181, Y=  0.19247, th=  -0.00318 
X=  584.71919, Y=  0.18936, th=  -0.00318 
X=  585.69657, Y=  0.18625, th=  -0.00318 
X=  586.42961, Y=  0.18508, th=  0.00000 
X=  587.16264, Y=  0.18392, th=  -0.00318 
X=  587.89568, Y=  0.18275, th=  0.00000 
X=  588.87306, Y=  0.18275, th=  0.00000 
X=  589.60610, Y=  0.18158, th=  -0.00318 
X=  590.58348, Y=  0.17847, th=  -0.00318 
X=  591.56086, Y=  0.17536, th=  -0.00318 
X=  592.53824, Y=  0.17225, th=  -0.00318 
X=  593.02693, Y=  0.17070, th=  -0.00318 
X=  594.00431, Y=  0.16759, th=  -0.00318 
X=  594.49300, Y=  0.16603, th=  -0.00318 
X=  595.47038, Y=  0.16292, th=  -0.00318 
X=  596.44776, Y=  0.15981, th=  -0.00318 
X=  597.42514, Y=  0.15670, th=  -0.00318 
X=  598.15817, Y=  0.15553, th=  0.00000 
X=  598.89121, Y=  0.15437, th=  -0.00318 
X=  599.62425, Y=  0.15320, th=  0.00000 
X=  600.60163, Y=  0.15320, th=  0.00000 
X=  601.33467, Y=  0.15203, th=  -0.00318 
X=  602.31205, Y=  0.14892, th=  -0.00318 
X=  603.28943, Y=  0.14581, th=  -0.00318 
X=  604.02247, Y=  0.14464, th=  0.00000 
X=  604.51116, Y=  0.14464, th=  0.00000 
X=  605.48854, Y=  0.14464, th=  0.00000 
X=  606.46593, Y=  0.14464, th=  0.00000 
X=  607.19897, Y=  0.14348, th=  -0.00318 
X=  608.17634, Y=  0.14037, th=  -0.00318 
X=  608.90938, Y=  0.13920, th=  0.00000 
X=  609.88677, Y=  0.13920, th=  0.00000 
X=  610.61980, Y=  0.14037, th=  0.00318 
X=  611.35284, Y=  0.14153, th=  0.00000 
X=  612.33023, Y=  0.14153, th=  0.00000 
X=  613.30761, Y=  0.14153, th=  0.00000 
X=  613.79630, Y=  0.14153, th=  0.00000 
X=  614.77369, Y=  0.14153, th=  0.00000 
X=  615.50672, Y=  0.14270, th=  0.00318 
X=  616.48410, Y=  0.14581, th=  0.00318 
X=  617.46148, Y=  0.14892, th=  0.00318 
X=  618.19452, Y=  0.15009, th=  0.00000 
X=  619.17190, Y=  0.15009, th=  0.00000 
X=  619.90494, Y=  0.15126, th=  0.00318 
X=  620.88232, Y=  0.15437, th=  0.00318 
X=  621.61536, Y=  0.15553, th=  0.00000 
X=  622.34840, Y=  0.15670, th=  0.00318 
X=  623.32578, Y=  0.15981, th=  0.00318 
X=  624.30316, Y=  0.16292, th=  0.00318 
X=  625.28053, Y=  0.16603, th=  0.00318 
X=  626.25791, Y=  0.16914, th=  0.00318 
X=  626.74660, Y=  0.17070, th=  0.00318 
X=  627.72398, Y=  0.17381, th=  0.00318 
X=  628.70136, Y=  0.17692, th=  0.00318 
X=  629.19005, Y=  0.17847, th=  0.00318 
X=  630.16743, Y=  0.18158, th=  0.00318 
X=  631.14481, Y=  0.18469, th=  0.00318 
X=  632.12219, Y=  0.18781, th=  0.00318 
X=  633.09957, Y=  0.19092, th=  0.00318 
X=  633.83261, Y=  0.19208, th=  0.00000 
X=  634.80999, Y=  0.19208, th=  0.00000 
X=  635.54303, Y=  0.19325, th=  0.00318 
X=  636.52041, Y=  0.19636, th=  0.00318 
X=  637.25345, Y=  0.19753, th=  0.00000 
X=  637.98648, Y=  0.19869, th=  0.00318 
X=  638.96386, Y=  0.20180, th=  0.00318 
X=  639.94124, Y=  0.20491, th=  0.00318 
X=  640.67428, Y=  0.20608, th=  0.00000 
X=  641.65166, Y=  0.20608, th=  0.00000 
X=  642.14036, Y=  0.20608, th=  0.00000 
X=  643.11774, Y=  0.20608, th=  0.00000 
X=  644.09512, Y=  0.20608, th=  0.00000 
X=  644.82816, Y=  0.20725, th=  0.00318 
X=  645.56120, Y=  0.20841, th=  0.00000 
X=  646.53858, Y=  0.20841, th=  0.00000 
X=  647.51597, Y=  0.20841, th=  0.00000 
X=  648.24901, Y=  0.20725, th=  -0.00318 
X=  648.98204, Y=  0.20608, th=  0.00000 
X=  649.95943, Y=  0.20608, th=  0.00000 
X=  650.44812, Y=  0.20608, th=  0.00000 
X=  651.42550, Y=  0.20608, th=  0.00000 
X=  652.40289, Y=  0.20608, th=  0.00000 
X=  653.13593, Y=  0.20491, th=  -0.00318 
X=  654.11331, Y=  0.20180, th=  -0.00318 
X=  654.84634, Y=  0.20064, th=  0.00000 
X=  655.82373, Y=  0.20064, th=  0.00000 
X=  656.31242, Y=  0.20064, th=  0.00000 
X=  657.28980, Y=  0.20064, th=  0.00000 
X=  658.26719, Y=  0.20064, th=  0.00000 
X=  659.00023, Y=  0.19947, th=  -0.00318 
X=  659.73326, Y=  0.19830, th=  0.00000 
X=  660.71065, Y=  0.19830, th=  0.00000 
X=  661.44368, Y=  0.19947, th=  0.00318 
X=  662.17672, Y=  0.20064, th=  0.00000 
X=  663.15411, Y=  0.20064, th=  0.00000 
X=  664.13149, Y=  0.20064, th=  0.00000 
X=  664.86453, Y=  0.19947, th=  -0.00318 
X=  665.59757, Y=  0.19830, th=  0.00000 
X=  666.57495, Y=  0.19830, th=  0.00000 
X=  667.06364, Y=  0.19830, th=  0.00000 
X=  668.04103, Y=  0.19830, th=  0.00000 
X=  669.01841, Y=  0.19830, th=  0.00000 
X=  669.99579, Y=  0.19830, th=  0.00000 
X=  670.72883, Y=  0.19714, th=  -0.00318 
X=  671.46187, Y=  0.19597, th=  0.00000 
X=  672.43925, Y=  0.19597, th=  0.00000 
X=  673.17229, Y=  0.19714, th=  0.00318 
X=  673.90533, Y=  0.19830, th=  0.00000 
X=  674.88271, Y=  0.19830, th=  0.00000 
X=  675.86010, Y=  0.19830, th=  0.00000 
X=  676.34879, Y=  0.19830, th=  0.00000 
X=  677.32617, Y=  0.19830, th=  0.00000 
X=  678.05921, Y=  0.19947, th=  0.00318 
X=  679.03659, Y=  0.20258, th=  0.00318 
X=  679.76963, Y=  0.20375, th=  0.00000 
X=  680.74701, Y=  0.20375, th=  0.00000 
X=  681.72440, Y=  0.20375, th=  0.00000 
X=  682.21309, Y=  0.20375, th=  0.00000 
X=  683.19047, Y=  0.20375, th=  0.00000 
X=  683.92351, Y=  0.20491, th=  0.00318 
X=  684.65655, Y=  0.20608, th=  0.00000 
X=  685.63393, Y=  0.20608, th=  0.00000 
X=  686.61132, Y=  0.20608, th=  0.00000 
X=  687.10001, Y=  0.20608, th=  0.00000 
X=  688.07739, Y=  0.20608, th=  0.00000 
X=  689.05478, Y=  0.20608, th=  0.00000 
X=  689.78782, Y=  0.20725, th=  0.00318 
X=  690.52085, Y=  0.20841, th=  0.00000 
X=  691.49824, Y=  0.20841, th=  0.00000 
X=  692.47562, Y=  0.20841, th=  0.00000 
X=  693.20866, Y=  0.20725, th=  -0.00318 
X=  693.94170, Y=  0.20608, th=  0.00000 
X=  694.91908, Y=  0.20608, th=  0.00000 
X=  695.89646, Y=  0.20608, th=  0.00000 
X=  696.38516, Y=  0.20608, th=  0.00000 
X=  697.36254, Y=  0.20608, th=  0.00000 
X=  698.33993, Y=  0.20608, th=  0.00000 
X=  699.07296, Y=  0.20491, th=  -0.00318 
X=  700.05034, Y=  0.20180, th=  -0.00318 
X=  700.78338, Y=  0.20064, th=  0.00000 
X=  701.76076, Y=  0.20064, th=  0.00000 
X=  702.24946, Y=  0.20064, th=  0.00000 
X=  703.22684, Y=  0.20064, th=  0.00000 
X=  704.20423, Y=  0.20064, th=  0.00000 
X=  704.93726, Y=  0.19947, th=  -0.00318 
X=  705.91464, Y=  0.19636, th=  -0.00318 
X=  706.64768, Y=  0.19519, th=  0.00000 
X=  707.62506, Y=  0.19519, th=  0.00000 
X=  708.11376, Y=  0.19519, th=  0.00000 
X=  709.09114, Y=  0.19519, th=  0.00000 
X=  710.06852, Y=  0.19519, th=  0.00000 
X=  710.80156, Y=  0.19403, th=  -0.00318 
X=  711.77894, Y=  0.19092, th=  -0.00318 
X=  712.75632, Y=  0.18781, th=  -0.00318 
X=  713.48936, Y=  0.18664, th=  0.00000 
X=  714.22240, Y=  0.18547, th=  -0.00318 
X=  714.95543, Y=  0.18431, th=  0.00000 
X=  715.93282, Y=  0.18431, th=  0.00000 
X=  716.66585, Y=  0.18314, th=  -0.00318 
X=  717.64323, Y=  0.18003, th=  -0.00318 
X=  718.37627, Y=  0.17886, th=  0.00000 
X=  719.35366, Y=  0.17886, th=  0.00000 
X=  720.08669, Y=  0.17770, th=  -0.00318 
X=  720.81973, Y=  0.17653, th=  0.00000 
X=  721.79711, Y=  0.17653, th=  0.00000 
X=  722.53015, Y=  0.17536, th=  -0.00318 
X=  723.50753, Y=  0.17225, th=  -0.00318 
X=  724.48491, Y=  0.16914, th=  -0.00318 
X=  725.21795, Y=  0.16797, th=  0.00000 
X=  725.95099, Y=  0.16681, th=  -0.00318 
X=  726.68402, Y=  0.16564, th=  0.00000 
X=  727.41706, Y=  0.16448, th=  -0.00318 
X=  728.39444, Y=  0.16136, th=  -0.00318 
X=  729.37182, Y=  0.15825, th=  -0.00318 
X=  730.10486, Y=  0.15709, th=  0.00000 
X=  731.08224, Y=  0.15709, th=  0.00000 
X=  731.57093, Y=  0.15709, th=  0.00000 
X=  732.54832, Y=  0.15709, th=  0.00000 
X=  733.28136, Y=  0.15592, th=  -0.00318 
X=  734.25873, Y=  0.15281, th=  -0.00318 
X=  734.99177, Y=  0.15164, th=  0.00000 
X=  735.96916, Y=  0.15164, th=  0.00000 
X=  736.45785, Y=  0.15164, th=  0.00000 
X=  737.43523, Y=  0.15164, th=  0.00000 
X=  738.41262, Y=  0.15164, th=  0.00000 
X=  738.90131, Y=  0.15164, th=  0.00000 
X=  739.87869, Y=  0.15164, th=  0.00000 
X=  740.61173, Y=  0.15281, th=  0.00318 
X=  741.58911, Y=  0.15592, th=  0.00318 
X=  742.32215, Y=  0.15709, th=  0.00000 
X=  743.29953, Y=  0.15709, th=  0.00000 
X=  743.78822, Y=  0.15709, th=  0.00000 
X=  744.52126, Y=  0.15825, th=  0.00318 
X=  745.49864, Y=  0.16136, th=  0.00318 
X=  746.23168, Y=  0.16253, th=  0.00000 
X=  747.20906, Y=  0.16253, th=  0.00000 
X=  748.18645, Y=  0.16253, th=  0.00000 
X=  748.67514, Y=  0.16253, th=  0.00000 
X=  749.65252, Y=  0.16253, th=  0.00000 
X=  750.38556, Y=  0.16370, th=  0.00318 
X=  751.11860, Y=  0.16486, th=  0.00000 
X=  752.09598, Y=  0.16486, th=  0.00000 
X=  753.07337, Y=  0.16486, th=  0.00000 
X=  753.56206, Y=  0.16486, th=  0.00000 
X=  754.53944, Y=  0.16486, th=  0.00000 
X=  755.27248, Y=  0.16603, th=  0.00318 
X=  756.00552, Y=  0.16720, th=  0.00000 
X=  756.98290, Y=  0.16720, th=  0.00000 
X=  757.96029, Y=  0.16720, th=  0.00000 
X=  758.69332, Y=  0.16603, th=  -0.00318 
X=  759.42636, Y=  0.16486, th=  0.00000 
X=  760.40375, Y=  0.16486, th=  0.00000 
X=  760.89244, Y=  0.16486, th=  0.00000 
X=  761.86982, Y=  0.16486, th=  0.00000 
X=  762.60286, Y=  0.16370, th=  -0.00318 
X=  763.58024, Y=  0.16059, th=  -0.00318 
X=  764.55762, Y=  0.15748, th=  -0.00318 
X=  765.29066, Y=  0.15631, th=  0.00000 
X=  766.02369, Y=  0.15514, th=  -0.00318 
X=  767.00107, Y=  0.15203, th=  -0.00318 
X=  767.48976, Y=  0.15048, th=  -0.00318 
X=  768.46714, Y=  0.14737, th=  -0.00318 
X=  769.44452, Y=  0.14426, th=  -0.00318 
X=  770.17755, Y=  0.14076, th=  -0.00637 
X=  770.91058, Y=  0.13726, th=  -0.00318 
X=  771.88796, Y=  0.13415, th=  -0.00318 
X=  772.37665, Y=  0.13259, th=  -0.00318 
X=  773.35403, Y=  0.12948, th=  -0.00318 
X=  774.33141, Y=  0.12637, th=  -0.00318 
X=  775.30879, Y=  0.12326, th=  -0.00318 
X=  776.28617, Y=  0.12015, th=  -0.00318 
X=  776.77486, Y=  0.11859, th=  -0.00318 
X=  777.75224, Y=  0.11548, th=  -0.00318 
X=  778.48528, Y=  0.11432, th=  0.00000 
X=  779.21831, Y=  0.11315, th=  -0.00318 
X=  780.19569, Y=  0.11004, th=  -0.00318 
X=  781.17307, Y=  0.10693, th=  -0.00318 
X=  782.15045, Y=  0.10382, th=  -0.00318 
X=  782.88349, Y=  0.10265, th=  0.00000 
X=  783.61653, Y=  0.10148, th=  -0.00318 
X=  784.34956, Y=  0.10032, th=  0.00000 
X=  785.32695, Y=  0.10032, th=  0.00000 
X=  786.30433, Y=  0.10032, th=  0.00000 
X=  787.03737, Y=  0.09915, th=  -0.00318 
X=  788.01475, Y=  0.09604, th=  -0.00318 
X=  788.74779, Y=  0.09487, th=  0.00000 
X=  789.72517, Y=  0.09487, th=  0.00000 
X=  790.70255, Y=  0.09487, th=  0.00000 
X=  791.19125, Y=  0.09487, th=  0.00000 
X=  791.67994, Y=  0.09332, th=  -0.00637 
X=  792.65730, Y=  0.08710, th=  -0.00637 
X=  793.63467, Y=  0.08088, th=  -0.00637 
X=  794.36770, Y=  0.07738, th=  -0.00318 
X=  795.34508, Y=  0.07427, th=  -0.00318 
X=  796.32245, Y=  0.07116, th=  -0.00318 
X=  797.05549, Y=  0.06999, th=  0.00000 
X=  797.78853, Y=  0.06882, th=  -0.00318 
X=  798.76591, Y=  0.06571, th=  -0.00318 
X=  799.74329, Y=  0.06260, th=  -0.00318 
X=  800.72067, Y=  0.05949, th=  -0.00318 
X=  801.69805, Y=  0.05638, th=  -0.00318 
X=  802.43108, Y=  0.05521, th=  0.00000 
X=  803.16412, Y=  0.05638, th=  0.00318 
X=  804.14150, Y=  0.05949, th=  0.00318 
X=  804.38584, Y=  0.06066, th=  0.00637 
X=  805.11886, Y=  0.06649, th=  0.00955 
X=  805.85185, Y=  0.07466, th=  0.01273 
X=  806.09617, Y=  0.07815, th=  0.01591 
X=  806.58478, Y=  0.08749, th=  0.02228 
X=  806.82905, Y=  0.09332, th=  0.02546 
X=  807.31754, Y=  0.10731, th=  0.03183 
X=  807.56175, Y=  0.11548, th=  0.03501 
X=  807.80591, Y=  0.12520, th=  0.04456 
X=  808.04996, Y=  0.13724, th=  0.05410 
X=  808.29392, Y=  0.15085, th=  0.05729 
X=  808.53785, Y=  0.16523, th=  0.06047 
X=  808.78167, Y=  0.18116, th=  0.07002 
X=  809.02534, Y=  0.19941, th=  0.07957 
X=  809.26888, Y=  0.21922, th=  0.08275 
X=  809.26888, Y=  0.21922, th=  0.09548 
X=  809.51207, Y=  0.24290, th=  0.09866 
X=  809.75511, Y=  0.26813, th=  0.10821 
X=  809.75511, Y=  0.26813, th=  0.11457 
X=  809.75511, Y=  0.26813, th=  0.12094 
X=  809.99753, Y=  0.29877, th=  0.13049 
X=  809.99753, Y=  0.29877, th=  0.13685 
X=  809.99753, Y=  0.29877, th=  0.14322 
X=  810.23921, Y=  0.33480, th=  0.15277 
X=  810.23921, Y=  0.33480, th=  0.15913 
X=  809.99813, Y=  0.29493, th=  0.16868 
X=  809.99813, Y=  0.29493, th=  0.17504 
X=  810.23854, Y=  0.33863, th=  0.18459 
X=  809.99856, Y=  0.29264, th=  0.19414 
X=  809.75903, Y=  0.24435, th=  0.20369 
X=  809.75903, Y=  0.24435, th=  0.21005 
X=  809.99776, Y=  0.29644, th=  0.21960 
X=  809.75954, Y=  0.24207, th=  0.22915 
X=  809.52185, Y=  0.18544, th=  0.23870 
X=  809.75899, Y=  0.24434, th=  0.24824 
X=  809.75899, Y=  0.24434, th=  0.25461 
X=  809.52282, Y=  0.18167, th=  0.26416 
X=  809.52282, Y=  0.18167, th=  0.27689 
X=  809.28810, Y=  0.11375, th=  0.28644 
X=  809.28810, Y=  0.11375, th=  0.29280 
X=  809.52171, Y=  0.18540, th=  0.30235 
X=  809.28880, Y=  0.11153, th=  0.31190 
X=  809.28880, Y=  0.11153, th=  0.32463 
X=  809.28880, Y=  0.11153, th=  0.33099 
X=  809.51950, Y=  0.19204, th=  0.34054 
X=  809.28958, Y=  0.10933, th=  0.35009 
X=  809.51870, Y=  0.19423, th=  0.35964 
X=  809.29040, Y=  0.10714, th=  0.36918 
X=  809.51786, Y=  0.19640, th=  0.37873 
X=  809.29126, Y=  0.10498, th=  0.38828 
X=  809.29126, Y=  0.10498, th=  0.39465 
X=  809.51637, Y=  0.20000, th=  0.40419 
X=  809.29218, Y=  0.10283, th=  0.41374 
X=  809.51543, Y=  0.20213, th=  0.42329 
X=  809.51543, Y=  0.20213, th=  0.42965 
X=  809.51543, Y=  0.20213, th=  0.44238 
X=  809.51543, Y=  0.20213, th=  0.44875 
X=  809.51543, Y=  0.20213, th=  0.45512 
X=  809.51543, Y=  0.20213, th=  0.46785 
X=  809.51543, Y=  0.20213, th=  0.47421 
X=  809.73228, Y=  0.31475, th=  0.48376 
X=  809.51652, Y=  0.20007, th=  0.49331 
X=  809.73118, Y=  0.31680, th=  0.50285 
X=  809.73118, Y=  0.31680, th=  0.50922 
X=  809.51840, Y=  0.19667, th=  0.51877 
X=  809.73002, Y=  0.31883, th=  0.52832 
X=  809.73002, Y=  0.31883, th=  0.53468 
X=  809.52037, Y=  0.19332, th=  0.54423 
X=  809.72881, Y=  0.32083, th=  0.55378 
X=  809.52160, Y=  0.19133, th=  0.56332 
X=  809.52160, Y=  0.19133, th=  0.56969 
X=  809.52160, Y=  0.19133, th=  0.58242 
X=  809.52160, Y=  0.19133, th=  0.58879 
X=  809.52160, Y=  0.19133, th=  0.59515 
X=  809.52160, Y=  0.19133, th=  0.60788 
X=  809.52160, Y=  0.19133, th=  0.61425 
X=  809.52160, Y=  0.19133, th=  0.62061 
X=  809.71970, Y=  0.33437, th=  0.63016 
X=  809.71970, Y=  0.33437, th=  0.63653 
X=  809.52390, Y=  0.18820, th=  0.64607 
X=  809.71830, Y=  0.33624, th=  0.65562 
X=  809.71830, Y=  0.33624, th=  0.66199 
X=  809.52628, Y=  0.18512, th=  0.67153 
X=  809.71685, Y=  0.33806, th=  0.68108 
X=  809.71685, Y=  0.33806, th=  0.68745 
X=  809.52874, Y=  0.18211, th=  0.69700 
X=  809.71535, Y=  0.33985, th=  0.70654 
X=  809.71535, Y=  0.33985, th=  0.71291 
X=  809.53127, Y=  0.17916, th=  0.72246 
X=  809.71381, Y=  0.34160, th=  0.73200 
X=  809.53283, Y=  0.17743, th=  0.74155 
X=  809.53283, Y=  0.17743, th=  0.74792 
X=  809.53283, Y=  0.17743, th=  0.76065 
X=  809.53283, Y=  0.17743, th=  0.76701 
X=  809.53283, Y=  0.17743, th=  0.77338 
X=  809.53283, Y=  0.17743, th=  0.78611 
X=  809.53283, Y=  0.17743, th=  0.79247 
X=  809.53283, Y=  0.17743, th=  0.79884 
X=  809.53283, Y=  0.17743, th=  0.81157 
X=  809.53283, Y=  0.17743, th=  0.81793 
X=  809.69905, Y=  0.35653, th=  0.82748 
X=  809.53455, Y=  0.17585, th=  0.83703 
X=  809.69731, Y=  0.35809, th=  0.84658 
X=  809.69731, Y=  0.35809, th=  0.85294 
X=  809.53747, Y=  0.17328, th=  0.86249 
X=  809.53747, Y=  0.17328, th=  0.87522 
X=  809.53747, Y=  0.17328, th=  0.88159 
X=  809.53747, Y=  0.17328, th=  0.88795 
X=  809.53747, Y=  0.17328, th=  0.90068 
X=  809.53747, Y=  0.17328, th=  0.90705 
X=  809.53747, Y=  0.17328, th=  0.91341 
X=  809.53747, Y=  0.17328, th=  0.92614 
X=  809.53747, Y=  0.17328, th=  0.93251 
X=  809.68212, Y=  0.37021, th=  0.94206 
X=  809.53936, Y=  0.17191, th=  0.95161 
X=  809.53936, Y=  0.17191, th=  0.96434 
X=  809.53936, Y=  0.17191, th=  0.97070 
X=  809.53936, Y=  0.17191, th=  0.97707 
X=  809.53936, Y=  0.17191, th=  0.98980 
X=  809.53936, Y=  0.17191, th=  0.99616 
X=  809.67119, Y=  0.37764, th=  1.00571 
X=  809.54133, Y=  0.17066, th=  1.01526 
X=  809.54133, Y=  0.17066, th=  1.02799 
X=  809.54133, Y=  0.17066, th=  1.03435 
X=  809.54133, Y=  0.17066, th=  1.04072 
X=  809.54133, Y=  0.17066, th=  1.05345 
X=  809.54133, Y=  0.17066, th=  1.05981 
X=  809.54133, Y=  0.17066, th=  1.06618 
X=  809.54133, Y=  0.17066, th=  1.07891 
X=  809.42696, Y=  -0.04527, th=  1.08846 
X=  809.42696, Y=  -0.04527, th=  1.09482 
X=  809.53788, Y=  0.17245, th=  1.10437 
X=  809.42904, Y=  -0.04632, th=  1.11392 
X=  809.53579, Y=  0.17348, th=  1.12347 
X=  809.53579, Y=  0.17348, th=  1.12983 
X=  809.43255, Y=  -0.04799, th=  1.13938 
X=  809.53367, Y=  0.17446, th=  1.14893 
X=  809.53367, Y=  0.17446, th=  1.15529 
X=  809.53367, Y=  0.17446, th=  1.16802 
X=  809.43896, Y=  -0.05079, th=  1.17757 
X=  809.43896, Y=  -0.05079, th=  1.18394 
X=  809.53007, Y=  0.17593, th=  1.19348 
X=  809.44113, Y=  -0.05165, th=  1.20303 
X=  809.44113, Y=  -0.05165, th=  1.20940 
X=  809.52644, Y=  0.17732, th=  1.21895 
X=  809.44332, Y=  -0.05246, th=  1.22849 
X=  809.52424, Y=  0.17810, th=  1.23804 
X=  809.52424, Y=  0.17810, th=  1.24441 
X=  809.52424, Y=  0.17810, th=  1.25714 
X=  809.52424, Y=  0.17810, th=  1.26350 
X=  809.45144, Y=  -0.05515, th=  1.27305 
X=  809.52201, Y=  0.17879, th=  1.28260 
X=  809.45368, Y=  -0.05581, th=  1.29215 
X=  809.51977, Y=  0.17943, th=  1.30169 
X=  809.51977, Y=  0.17943, th=  1.30806 
X=  809.51977, Y=  0.17943, th=  1.32079 
X=  809.51977, Y=  0.17943, th=  1.32715 
X=  809.51977, Y=  0.17943, th=  1.33352 
X=  809.51977, Y=  0.17943, th=  1.34625 
X=  809.51977, Y=  0.17943, th=  1.35262 
X=  809.51977, Y=  0.17943, th=  1.35898 
X=  809.51977, Y=  0.17943, th=  1.37171 
X=  809.51977, Y=  0.17943, th=  1.37808 
X=  809.51977, Y=  0.17943, th=  1.38444 
X=  809.51977, Y=  0.17943, th=  1.39717 
X=  809.47870, Y=  -0.06144, th=  1.40672 
X=  809.51823, Y=  0.17969, th=  1.40990 
X=  809.51823, Y=  0.17969, th=  1.42263 
X=  809.48332, Y=  -0.06215, th=  1.43218 
X=  809.54930, Y=  0.42207, th=  1.43855 
X=  809.51823, Y=  0.17970, th=  1.44809 
X=  809.51823, Y=  0.17970, th=  1.46083 
X=  809.51823, Y=  0.17970, th=  1.46719 
X=  809.51823, Y=  0.17970, th=  1.47356 
X=  809.51823, Y=  0.17970, th=  1.48629 
X=  809.51823, Y=  0.17970, th=  1.49265 
X=  809.51823, Y=  0.17970, th=  1.49902 
X=  809.51823, Y=  0.17970, th=  1.51175 
X=  809.53227, Y=  0.42364, th=  1.51493 
X=  809.51979, Y=  0.17962, th=  1.52448 
X=  809.54086, Y=  0.66786, th=  1.53084 
X=  809.55023, Y=  0.91202, th=  1.53403 
X=  809.56664, Y=  1.40044, th=  1.54039 
X=  809.57368, Y=  1.64468, th=  1.54357 
X=  809.58543, Y=  2.13323, th=  1.54994 
X=  809.59562, Y=  2.62182, th=  1.54994 
X=  809.60033, Y=  2.86612, th=  1.55312 
X=  809.61212, Y=  3.59906, th=  1.55630 
X=  809.62158, Y=  4.33204, th=  1.55949 
X=  809.62710, Y=  4.82070, th=  1.55949 
X=  809.63423, Y=  5.55371, th=  1.56267 
X=  809.63820, Y=  6.04238, th=  1.56267 
X=  809.64299, Y=  6.77540, th=  1.56585 
X=  809.64541, Y=  7.26409, th=  1.56585 
X=  809.64782, Y=  7.75278, th=  1.56585 
X=  809.65028, Y=  8.48581, th=  1.56903 
X=  809.65200, Y=  9.46319, th=  1.56903 
X=  809.65204, Y=  9.70754, th=  1.57222 
X=  809.65217, Y=  10.44058, th=  1.56903 
X=  809.65389, Y=  11.41796, th=  1.56903 
X=  809.65401, Y=  12.15100, th=  1.57222 
X=  809.65332, Y=  12.63969, th=  1.57222 
X=  809.65193, Y=  13.61707, th=  1.57222 
X=  809.65206, Y=  14.35011, th=  1.56903 
X=  809.65218, Y=  15.08315, th=  1.57222 
X=  809.65149, Y=  15.57184, th=  1.57222 
X=  809.65010, Y=  16.54923, th=  1.57222 
X=  809.65022, Y=  17.28226, th=  1.56903 
X=  809.65035, Y=  18.01530, th=  1.57222 
X=  809.64896, Y=  18.99269, th=  1.57222 
X=  809.64827, Y=  19.48138, th=  1.57222 
X=  809.64688, Y=  20.45876, th=  1.57222 
X=  809.64549, Y=  21.43614, th=  1.57222 
X=  809.64561, Y=  22.16918, th=  1.56903 
X=  809.64734, Y=  23.14657, th=  1.56903 
X=  809.64746, Y=  23.87960, th=  1.57222 
X=  809.64607, Y=  24.85699, th=  1.57222 
X=  809.64386, Y=  25.59002, th=  1.57540 
X=  809.63936, Y=  26.56740, th=  1.57540 
X=  809.63716, Y=  27.30043, th=  1.57222 
X=  809.63577, Y=  28.27781, th=  1.57222 
X=  809.63438, Y=  29.25520, th=  1.57222 
X=  809.63299, Y=  30.23258, th=  1.57222 
X=  809.63312, Y=  30.96562, th=  1.56903 
X=  809.63484, Y=  31.94300, th=  1.56903 
X=  809.63496, Y=  32.67604, th=  1.57222 
X=  809.63357, Y=  33.65342, th=  1.57222 
X=  809.63218, Y=  34.63081, th=  1.57222 
X=  809.63080, Y=  35.60819, th=  1.57222 
X=  809.62859, Y=  36.34123, th=  1.57540 
X=  809.62409, Y=  37.31860, th=  1.57540 
X=  809.61959, Y=  38.29597, th=  1.57540 
X=  809.61738, Y=  39.02901, th=  1.57222 
X=  809.61599, Y=  40.00639, th=  1.57222 
X=  809.61460, Y=  40.98378, th=  1.57222 
X=  809.61240, Y=  41.71681, th=  1.57540 
X=  809.60790, Y=  42.69418, th=  1.57540 
X=  809.60565, Y=  43.18287, th=  1.57540 
X=  809.60115, Y=  44.16025, th=  1.57540 
X=  809.59665, Y=  45.13762, th=  1.57540 
X=  809.59215, Y=  46.11499, th=  1.57540 
X=  809.58761, Y=  46.84802, th=  1.57858 
X=  809.58000, Y=  47.82537, th=  1.57858 
X=  809.57619, Y=  48.31405, th=  1.57858 
X=  809.56858, Y=  49.29140, th=  1.57858 
X=  809.56097, Y=  50.26876, th=  1.57858 
X=  809.55643, Y=  51.00178, th=  1.57540 
X=  809.55189, Y=  51.73481, th=  1.57858 
X=  809.54428, Y=  52.71216, th=  1.57858 
X=  809.53741, Y=  53.44517, th=  1.58177 
X=  809.53053, Y=  54.17817, th=  1.57858 
X=  809.52292, Y=  55.15553, th=  1.57858 
X=  809.51531, Y=  56.13288, th=  1.57858 
X=  809.51151, Y=  56.62156, th=  1.57858 
X=  809.50390, Y=  57.59892, th=  1.57858 
X=  809.49703, Y=  58.33192, th=  1.58177 
X=  809.48631, Y=  59.30925, th=  1.58177 
X=  809.47943, Y=  60.04225, th=  1.57858 
X=  809.47182, Y=  61.01961, th=  1.57858 
X=  809.46495, Y=  61.75262, th=  1.58177 
X=  809.45807, Y=  62.48562, th=  1.57858 
X=  809.45120, Y=  63.21863, th=  1.58177 
X=  809.44048, Y=  64.19595, th=  1.58177 
X=  809.43361, Y=  64.92896, th=  1.57858 
X=  809.42600, Y=  65.90631, th=  1.57858 
X=  809.41912, Y=  66.63932, th=  1.58177 
X=  809.41225, Y=  67.37233, th=  1.57858 
X=  809.40464, Y=  68.34968, th=  1.57858 
X=  809.39776, Y=  69.08269, th=  1.58177 
X=  809.39089, Y=  69.81569, th=  1.57858 
X=  809.38328, Y=  70.79305, th=  1.57858 
X=  809.37567, Y=  71.77040, th=  1.57858 
X=  809.37187, Y=  72.25908, th=  1.57858 
X=  809.36426, Y=  73.23643, th=  1.57858 
X=  809.35738, Y=  73.96944, th=  1.58177 
X=  809.35051, Y=  74.70245, th=  1.57858 
X=  809.34290, Y=  75.67980, th=  1.57858 
X=  809.33529, Y=  76.65716, th=  1.57858 
X=  809.33075, Y=  77.39018, th=  1.57540 
X=  809.32621, Y=  78.12320, th=  1.57858 
X=  809.31860, Y=  79.10056, th=  1.57858 
X=  809.31172, Y=  79.83357, th=  1.58177 
X=  809.30485, Y=  80.56657, th=  1.57858 
X=  809.29724, Y=  81.54393, th=  1.57858 
X=  809.28963, Y=  82.52128, th=  1.57858 
X=  809.28202, Y=  83.49864, th=  1.57858 
X=  809.27748, Y=  84.23166, th=  1.57540 
X=  809.27294, Y=  84.96468, th=  1.57858 
X=  809.26533, Y=  85.94204, th=  1.57858 
X=  809.25845, Y=  86.67504, th=  1.58177 
X=  809.25158, Y=  87.40805, th=  1.57858 
X=  809.24397, Y=  88.38541, th=  1.57858 
X=  809.23636, Y=  89.36276, th=  1.57858 
X=  809.22949, Y=  90.09577, th=  1.58177 
X=  809.22261, Y=  90.82877, th=  1.57858 
X=  809.21574, Y=  91.56178, th=  1.58177 
X=  809.20502, Y=  92.53910, th=  1.58177 
X=  809.19430, Y=  93.51643, th=  1.58177 
X=  809.18742, Y=  94.24944, th=  1.57858 
X=  809.18055, Y=  94.98244, th=  1.58177 
X=  809.17134, Y=  95.71542, th=  1.58495 
X=  809.16214, Y=  96.44840, th=  1.58177 
X=  809.15142, Y=  97.42573, th=  1.58177 
X=  809.14069, Y=  98.40305, th=  1.58177 
X=  809.13382, Y=  99.13606, th=  1.57858 
X=  809.12695, Y=  99.86907, th=  1.58177 
X=  809.12007, Y=  100.60207, th=  1.57858 
X=  809.11320, Y=  101.33508, th=  1.58177 
X=  809.10248, Y=  102.31240, th=  1.58177 
X=  809.09176, Y=  103.28973, th=  1.58177 
X=  809.08488, Y=  104.02274, th=  1.57858 
X=  809.07727, Y=  105.00009, th=  1.57858 
X=  809.07040, Y=  105.73310, th=  1.58177 
X=  809.06353, Y=  106.46610, th=  1.57858 
X=  809.05665, Y=  107.19911, th=  1.58177 
X=  809.04593, Y=  108.17643, th=  1.58177 
X=  809.03521, Y=  109.15376, th=  1.58177 
X=  809.02834, Y=  109.88677, th=  1.57858 
X=  809.02073, Y=  110.86412, th=  1.57858 
X=  809.01692, Y=  111.35280, th=  1.57858 
X=  809.00931, Y=  112.33015, th=  1.57858 
X=  809.00170, Y=  113.30751, th=  1.57858 
X=  808.99483, Y=  114.04051, th=  1.58177 
X=  808.98796, Y=  114.77352, th=  1.57858 
X=  808.98035, Y=  115.75087, th=  1.57858 
X=  808.97274, Y=  116.72823, th=  1.57858 
X=  808.96819, Y=  117.46125, th=  1.57540 
X=  808.96365, Y=  118.19428, th=  1.57858 
X=  808.95604, Y=  119.17163, th=  1.57858 
X=  808.94917, Y=  119.90464, th=  1.58177 
X=  808.94230, Y=  120.63764, th=  1.57858 
X=  808.93469, Y=  121.61500, th=  1.57858 
X=  808.92708, Y=  122.59235, th=  1.57858 
X=  808.92254, Y=  123.32538, th=  1.57540 
X=  808.91804, Y=  124.30275, th=  1.57540 
X=  808.91354, Y=  125.28013, th=  1.57540 
X=  808.90900, Y=  126.01315, th=  1.57858 
X=  808.90446, Y=  126.74617, th=  1.57540 
X=  808.89996, Y=  127.72355, th=  1.57540 
X=  808.89541, Y=  128.45657, th=  1.57858 
X=  808.89087, Y=  129.18960, th=  1.57540 
X=  808.88637, Y=  130.16697, th=  1.57540 
X=  808.88188, Y=  131.14434, th=  1.57540 
X=  808.87738, Y=  132.12172, th=  1.57540 
X=  808.87513, Y=  132.61041, th=  1.57540 
X=  808.87063, Y=  133.58778, th=  1.57540 
X=  808.86609, Y=  134.32080, th=  1.57858 
X=  808.86154, Y=  135.05383, th=  1.57540 
X=  808.85705, Y=  136.03120, th=  1.57540 
X=  808.85255, Y=  137.00858, th=  1.57540 
X=  808.84805, Y=  137.98595, th=  1.57540 
X=  808.84580, Y=  138.47464, th=  1.57540 
X=  808.84130, Y=  139.45201, th=  1.57540 
X=  808.83680, Y=  140.42939, th=  1.57540 
X=  808.83226, Y=  141.16241, th=  1.57858 
X=  808.82772, Y=  141.89543, th=  1.57540 
X=  808.82322, Y=  142.87281, th=  1.57540 
X=  808.81872, Y=  143.85018, th=  1.57540 
X=  808.81651, Y=  144.58322, th=  1.57222 
X=  808.81430, Y=  145.31625, th=  1.57540 
X=  808.80976, Y=  146.04928, th=  1.57858 
X=  808.80522, Y=  146.78230, th=  1.57540 
X=  808.80072, Y=  147.75967, th=  1.57540 
X=  808.79622, Y=  148.73705, th=  1.57540 
X=  808.79401, Y=  149.47008, th=  1.57222 
X=  808.79181, Y=  150.20312, th=  1.57540 
X=  808.78731, Y=  151.18049, th=  1.57540 
X=  808.78506, Y=  151.66918, th=  1.57540 
X=  808.78056, Y=  152.64655, th=  1.57540 
X=  808.77606, Y=  153.62393, th=  1.57540 
X=  808.77385, Y=  154.35696, th=  1.57222 
X=  808.77164, Y=  155.09000, th=  1.57540 
X=  808.76714, Y=  156.06737, th=  1.57540 
X=  808.76489, Y=  156.55606, th=  1.57540 
X=  808.76039, Y=  157.53343, th=  1.57540 
X=  808.75589, Y=  158.51081, th=  1.57540 
X=  808.75140, Y=  159.48818, th=  1.57540 
X=  808.74915, Y=  159.97687, th=  1.57540 
X=  808.74465, Y=  160.95424, th=  1.57540 
X=  808.74015, Y=  161.93162, th=  1.57540 
X=  808.73790, Y=  162.42030, th=  1.57540 
X=  808.73340, Y=  163.39768, th=  1.57540 
X=  808.72890, Y=  164.37505, th=  1.57540 
X=  808.72665, Y=  164.86374, th=  1.57540 
X=  808.72215, Y=  165.84111, th=  1.57540 
X=  808.71761, Y=  166.57414, th=  1.57858 
X=  808.71307, Y=  167.30716, th=  1.57540 
X=  808.70857, Y=  168.28453, th=  1.57540 
X=  808.70407, Y=  169.26191, th=  1.57540 
X=  808.70186, Y=  169.99494, th=  1.57222 
X=  808.69965, Y=  170.72798, th=  1.57540 
X=  808.69744, Y=  171.46101, th=  1.57222 
X=  808.69524, Y=  172.19405, th=  1.57540 
X=  808.69074, Y=  173.17142, th=  1.57540 
X=  808.68624, Y=  174.14880, th=  1.57540 
X=  808.68403, Y=  174.88183, th=  1.57222 
X=  808.68182, Y=  175.61487, th=  1.57540 
X=  808.67961, Y=  176.34790, th=  1.57222 
X=  808.67741, Y=  177.08094, th=  1.57540 
X=  808.67291, Y=  178.05831, th=  1.57540 
X=  808.66841, Y=  179.03568, th=  1.57540 
X=  808.66620, Y=  179.76872, th=  1.57222 
X=  808.66481, Y=  180.74610, th=  1.57222 
X=  808.66494, Y=  181.47914, th=  1.56903 
X=  808.66506, Y=  182.21218, th=  1.57222 
X=  808.66367, Y=  183.18956, th=  1.57222 
X=  808.66298, Y=  183.67825, th=  1.57222 
X=  808.66159, Y=  184.65564, th=  1.57222 
X=  808.66020, Y=  185.63302, th=  1.57222 
X=  808.66033, Y=  186.36606, th=  1.56903 
X=  808.66205, Y=  187.34344, th=  1.56903 
X=  808.66217, Y=  188.07648, th=  1.57222 
X=  808.66230, Y=  188.80952, th=  1.56903 
X=  808.66242, Y=  189.54256, th=  1.57222 
X=  808.66103, Y=  190.51994, th=  1.57222 
X=  808.66116, Y=  191.25298, th=  1.56903 
X=  808.66288, Y=  192.23036, th=  1.56903 
X=  808.66301, Y=  192.96340, th=  1.57222 
X=  808.66162, Y=  193.94078, th=  1.57222 
X=  808.66174, Y=  194.67382, th=  1.56903 
X=  808.66187, Y=  195.40686, th=  1.57222 
X=  808.66048, Y=  196.38424, th=  1.57222 
X=  808.66060, Y=  197.11728, th=  1.56903 
X=  808.66233, Y=  198.09466, th=  1.56903 
X=  808.66405, Y=  199.07205, th=  1.56903 
X=  808.66577, Y=  200.04943, th=  1.56903 
X=  808.66663, Y=  200.53812, th=  1.56903 
X=  808.66835, Y=  201.51550, th=  1.56903 
X=  808.66848, Y=  202.24854, th=  1.57222 
X=  808.66860, Y=  202.98158, th=  1.56903 
X=  808.67032, Y=  203.95896, th=  1.56903 
X=  808.67205, Y=  204.93635, th=  1.56903 
X=  808.67217, Y=  205.66938, th=  1.57222 
X=  808.67078, Y=  206.64677, th=  1.57222 
X=  808.67091, Y=  207.37981, th=  1.56903 
X=  808.67103, Y=  208.11284, th=  1.57222 
X=  808.66964, Y=  209.09023, th=  1.57222 
X=  808.66977, Y=  209.82327, th=  1.56903 
X=  808.67149, Y=  210.80065, th=  1.56903 
X=  808.67162, Y=  211.53369, th=  1.57222 
X=  808.67023, Y=  212.51107, th=  1.57222 
X=  808.66802, Y=  213.24411, th=  1.57540 
X=  808.66581, Y=  213.97714, th=  1.57222 
X=  808.66442, Y=  214.95452, th=  1.57222 
X=  808.66303, Y=  215.93191, th=  1.57222 
X=  808.66083, Y=  216.66494, th=  1.57540 
X=  808.65858, Y=  217.15363, th=  1.57540 
X=  808.65408, Y=  218.13100, th=  1.57540 
X=  808.64958, Y=  219.10838, th=  1.57540 
X=  808.64508, Y=  220.08575, th=  1.57540 
X=  808.64058, Y=  221.06313, th=  1.57540 
X=  808.63604, Y=  221.79615, th=  1.57858 
X=  808.63150, Y=  222.52917, th=  1.57540 
X=  808.62696, Y=  223.26220, th=  1.57858 
X=  808.61935, Y=  224.23955, th=  1.57858 
X=  808.61480, Y=  224.97258, th=  1.57540 
X=  808.61026, Y=  225.70560, th=  1.57858 
X=  808.60265, Y=  226.68296, th=  1.57858 
X=  808.59578, Y=  227.41596, th=  1.58177 
X=  808.58891, Y=  228.14897, th=  1.57858 
X=  808.58130, Y=  229.12632, th=  1.57858 
X=  808.57369, Y=  230.10368, th=  1.57858 
X=  808.56988, Y=  230.59235, th=  1.57858 
X=  808.56227, Y=  231.56971, th=  1.57858 
X=  808.55540, Y=  232.30272, th=  1.58177 
X=  808.54852, Y=  233.03572, th=  1.57858 
X=  808.54091, Y=  234.01308, th=  1.57858 
X=  808.53330, Y=  234.99043, th=  1.57858 
X=  808.52643, Y=  235.72344, th=  1.58177 
X=  808.51956, Y=  236.45644, th=  1.57858 
X=  808.51268, Y=  237.18945, th=  1.58177 
X=  808.50196, Y=  238.16678, th=  1.58177 
X=  808.49509, Y=  238.89978, th=  1.57858 
X=  808.48748, Y=  239.87714, th=  1.57858 
X=  808.47987, Y=  240.85449, th=  1.57858 
X=  808.47606, Y=  241.34317, th=  1.57858 
X=  808.46845, Y=  242.32052, th=  1.57858 
X=  808.46158, Y=  243.05353, th=  1.58177 
X=  808.45471, Y=  243.78653, th=  1.57858 
X=  808.44710, Y=  244.76389, th=  1.57858 
X=  808.43949, Y=  245.74124, th=  1.57858 
X=  808.43568, Y=  246.22992, th=  1.57858 
X=  808.42807, Y=  247.20728, th=  1.57858 
X=  808.42046, Y=  248.18463, th=  1.57858 
X=  808.41359, Y=  248.91764, th=  1.58177 
X=  808.40671, Y=  249.65064, th=  1.57858 
X=  808.39910, Y=  250.62800, th=  1.57858 
X=  808.39149, Y=  251.60535, th=  1.57858 
X=  808.38462, Y=  252.33836, th=  1.58177 
X=  808.37775, Y=  253.07136, th=  1.57858 
X=  808.37014, Y=  254.04872, th=  1.57858 
X=  808.36326, Y=  254.78173, th=  1.58177 
X=  808.35254, Y=  255.75905, th=  1.58177 
X=  808.34567, Y=  256.49206, th=  1.57858 
X=  808.33806, Y=  257.46941, th=  1.57858 
X=  808.33045, Y=  258.44677, th=  1.57858 
X=  808.32591, Y=  259.17979, th=  1.57540 
X=  808.32137, Y=  259.91282, th=  1.57858 
X=  808.31376, Y=  260.89017, th=  1.57858 
X=  808.30688, Y=  261.62318, th=  1.58177 
X=  808.30001, Y=  262.35618, th=  1.57858 
X=  808.29240, Y=  263.33354, th=  1.57858 
X=  808.28479, Y=  264.31089, th=  1.57858 
X=  808.27718, Y=  265.28825, th=  1.57858 
X=  808.27264, Y=  266.02127, th=  1.57540 
X=  808.26810, Y=  266.75429, th=  1.57858 
X=  808.26049, Y=  267.73165, th=  1.57858 
X=  808.25361, Y=  268.46466, th=  1.58177 
X=  808.24674, Y=  269.19766, th=  1.57858 
X=  808.23913, Y=  270.17502, th=  1.57858 
X=  808.23152, Y=  271.15237, th=  1.57858 
X=  808.22698, Y=  271.88540, th=  1.57540 
X=  808.22244, Y=  272.61842, th=  1.57858 
X=  808.21483, Y=  273.59577, th=  1.57858 
X=  808.21102, Y=  274.08445, th=  1.57858 
X=  808.20341, Y=  275.06181, th=  1.57858 
X=  808.19580, Y=  276.03916, th=  1.57858 
X=  808.18819, Y=  277.01652, th=  1.57858 
X=  808.18365, Y=  277.74954, th=  1.57540 
X=  808.17911, Y=  278.48256, th=  1.57858 
X=  808.17150, Y=  279.45992, th=  1.57858 
X=  808.16463, Y=  280.19293, th=  1.58177 
X=  808.15775, Y=  280.92593, th=  1.57858 
X=  808.15014, Y=  281.90329, th=  1.57858 
X=  808.14560, Y=  282.63631, th=  1.57540 
X=  808.14106, Y=  283.36933, th=  1.57858 
X=  808.13345, Y=  284.34669, th=  1.57858 
X=  808.12658, Y=  285.07970, th=  1.58177 
X=  808.11970, Y=  285.81270, th=  1.57858 
X=  808.11209, Y=  286.79006, th=  1.57858 
X=  808.10448, Y=  287.76741, th=  1.57858 
X=  808.10068, Y=  288.25609, th=  1.57858 
X=  808.09307, Y=  289.23344, th=  1.57858 
X=  808.08546, Y=  290.21080, th=  1.57858 
X=  808.08165, Y=  290.69948, th=  1.57858 
X=  808.07404, Y=  291.67683, th=  1.57858 
X=  808.06643, Y=  292.65418, th=  1.57858 
X=  808.05882, Y=  293.63154, th=  1.57858 
X=  808.05428, Y=  294.36456, th=  1.57540 
X=  808.04974, Y=  295.09759, th=  1.57858 
X=  808.04213, Y=  296.07494, th=  1.57858 
X=  808.03452, Y=  297.05230, th=  1.57858 
X=  808.03072, Y=  297.54097, th=  1.57858 
X=  808.02311, Y=  298.51833, th=  1.57858 
X=  808.01857, Y=  299.25135, th=  1.57540 
X=  808.01407, Y=  300.22873, th=  1.57540 
X=  808.00957, Y=  301.20610, th=  1.57540 
X=  808.00507, Y=  302.18348, th=  1.57540 
X=  808.00053, Y=  302.91650, th=  1.57858 
X=  807.99599, Y=  303.64952, th=  1.57540 
X=  807.99145, Y=  304.38255, th=  1.57858 
X=  807.98384, Y=  305.35990, th=  1.57858 
X=  807.97930, Y=  306.09293, th=  1.57540 
X=  807.97480, Y=  307.07030, th=  1.57540 
X=  807.97030, Y=  308.04768, th=  1.57540 
X=  807.96805, Y=  308.53636, th=  1.57540 
X=  807.96355, Y=  309.51374, th=  1.57540 
X=  807.95901, Y=  310.24676, th=  1.57858 
X=  807.95140, Y=  311.22412, th=  1.57858 
X=  807.94686, Y=  311.95714, th=  1.57540 
X=  807.94236, Y=  312.93451, th=  1.57540 
X=  807.93786, Y=  313.91189, th=  1.57540 
X=  807.93332, Y=  314.64491, th=  1.57858 
X=  807.92878, Y=  315.37794, th=  1.57540 
X=  807.92423, Y=  316.11096, th=  1.57858 
X=  807.91969, Y=  316.84398, th=  1.57540 
X=  807.91519, Y=  317.82136, th=  1.57540 
X=  807.91069, Y=  318.79873, th=  1.57540 
X=  807.90615, Y=  319.53176, th=  1.57858 
X=  807.90161, Y=  320.26478, th=  1.57540 
X=  807.89707, Y=  320.99781, th=  1.57858 
X=  807.88946, Y=  321.97516, th=  1.57858 
X=  807.88492, Y=  322.70818, th=  1.57540 
X=  807.88042, Y=  323.68556, th=  1.57540 
X=  807.87592, Y=  324.66293, th=  1.57540 
X=  807.87367, Y=  325.15162, th=  1.57540 
X=  807.86917, Y=  326.12899, th=  1.57540 
X=  807.86467, Y=  327.10637, th=  1.57540 
X=  807.86242, Y=  327.59505, th=  1.57540 
X=  807.85792, Y=  328.57243, th=  1.57540 
X=  807.85343, Y=  329.54980, th=  1.57540 
X=  807.84893, Y=  330.52718, th=  1.57540 
X=  807.84443, Y=  331.50455, th=  1.57540 
X=  807.83993, Y=  332.48192, th=  1.57540 
X=  807.83768, Y=  332.97061, th=  1.57540 
X=  807.83318, Y=  333.94799, th=  1.57540 
X=  807.82864, Y=  334.68101, th=  1.57858 
X=  807.82410, Y=  335.41403, th=  1.57540 
X=  807.81960, Y=  336.39141, th=  1.57540 
X=  807.81510, Y=  337.36878, th=  1.57540 
X=  807.81056, Y=  338.10181, th=  1.57858 
X=  807.80602, Y=  338.83483, th=  1.57540 
X=  807.80152, Y=  339.81220, th=  1.57540 
X=  807.79927, Y=  340.30089, th=  1.57540 
X=  807.79477, Y=  341.27827, th=  1.57540 
X=  807.79027, Y=  342.25564, th=  1.57540 
X=  807.78577, Y=  343.23301, th=  1.57540 
X=  807.78352, Y=  343.72170, th=  1.57540 
X=  807.77902, Y=  344.69907, th=  1.57540 
X=  807.77673, Y=  344.94341, th=  1.58495 
X=  807.76752, Y=  345.67639, th=  1.58177 
X=  807.75680, Y=  346.65372, th=  1.58177 
X=  807.74608, Y=  347.63104, th=  1.58177 
X=  807.73921, Y=  348.36405, th=  1.57858 
X=  807.73160, Y=  349.34140, th=  1.57858 
X=  807.72399, Y=  350.31876, th=  1.57858 
X=  807.71945, Y=  351.05178, th=  1.57540 
X=  807.71495, Y=  352.02916, th=  1.57540 
X=  807.71045, Y=  353.00653, th=  1.57540 
X=  807.70591, Y=  353.73955, th=  1.57858 
X=  807.70137, Y=  354.47258, th=  1.57540 
X=  807.69687, Y=  355.44995, th=  1.57540 
X=  807.69466, Y=  356.18299, th=  1.57222 
X=  807.69245, Y=  356.91602, th=  1.57540 
X=  807.68795, Y=  357.89340, th=  1.57540 
X=  807.68574, Y=  358.62643, th=  1.57222 
X=  807.68435, Y=  359.60381, th=  1.57222 
X=  807.68297, Y=  360.58120, th=  1.57222 
X=  807.68309, Y=  361.31424, th=  1.56903 
X=  807.68322, Y=  362.04727, th=  1.57222 
X=  807.68183, Y=  363.02466, th=  1.57222 
X=  807.68044, Y=  364.00204, th=  1.57222 
X=  807.68056, Y=  364.73508, th=  1.56903 
X=  807.68069, Y=  365.46812, th=  1.57222 
X=  807.68081, Y=  366.20116, th=  1.56903 
X=  807.68254, Y=  367.17854, th=  1.56903 
X=  807.68426, Y=  368.15592, th=  1.56903 
X=  807.68598, Y=  369.13330, th=  1.56903 
X=  807.68684, Y=  369.62200, th=  1.56903 
X=  807.68856, Y=  370.59938, th=  1.56903 
X=  807.69028, Y=  371.57676, th=  1.56903 
X=  807.69115, Y=  372.06545, th=  1.56903 
X=  807.69287, Y=  373.04284, th=  1.56903 
X=  807.69459, Y=  374.02022, th=  1.56903 
X=  807.69631, Y=  374.99760, th=  1.56903 
X=  807.69717, Y=  375.48629, th=  1.56903 
X=  807.69889, Y=  376.46368, th=  1.56903 
X=  807.70062, Y=  377.44106, th=  1.56903 
X=  807.70148, Y=  377.92975, th=  1.56903 
X=  807.70320, Y=  378.90713, th=  1.56903 
X=  807.70492, Y=  379.88452, th=  1.56903 
X=  807.70664, Y=  380.86190, th=  1.56903 
X=  807.70677, Y=  381.59494, th=  1.57222 
X=  807.70538, Y=  382.57232, th=  1.57222 
X=  807.70550, Y=  383.30536, th=  1.56903 
X=  807.70563, Y=  384.03840, th=  1.57222 
X=  807.70424, Y=  385.01578, th=  1.57222 
X=  807.70285, Y=  385.99316, th=  1.57222 
X=  807.70298, Y=  386.72620, th=  1.56903 
X=  807.70310, Y=  387.45924, th=  1.57222 
X=  807.70171, Y=  388.43662, th=  1.57222 
X=  807.69951, Y=  389.16966, th=  1.57540 
X=  807.69501, Y=  390.14703, th=  1.57540 
X=  807.69280, Y=  390.88007, th=  1.57222 
X=  807.69141, Y=  391.85745, th=  1.57222 
X=  807.68920, Y=  392.59049, th=  1.57540 
X=  807.68466, Y=  393.32351, th=  1.57858 
X=  807.68012, Y=  394.05653, th=  1.57540 
X=  807.67562, Y=  395.03391, th=  1.57540 
X=  807.67112, Y=  396.01128, th=  1.57540 
X=  807.66658, Y=  396.74431, th=  1.57858 
X=  807.65897, Y=  397.72166, th=  1.57858 
X=  807.65517, Y=  398.21034, th=  1.57858 
X=  807.64756, Y=  399.18769, th=  1.57858 
X=  807.63995, Y=  400.16505, th=  1.57858 
X=  807.63234, Y=  401.14240, th=  1.57858 
X=  807.62779, Y=  401.87543, th=  1.57540 
X=  807.62325, Y=  402.60845, th=  1.57858 
X=  807.61638, Y=  403.34146, th=  1.58177 
X=  807.60951, Y=  404.07446, th=  1.57858 
X=  807.60570, Y=  404.56314, th=  1.57858 
X=  807.59883, Y=  405.29615, th=  1.58177 
X=  807.58811, Y=  406.27347, th=  1.58177 
X=  807.58275, Y=  406.76214, th=  1.58177 
X=  807.57203, Y=  407.73946, th=  1.58177 
X=  807.56667, Y=  408.22812, th=  1.58177 
X=  807.55595, Y=  409.20545, th=  1.58177 
X=  807.54522, Y=  410.18278, th=  1.58177 
X=  807.53986, Y=  410.67144, th=  1.58177 
X=  807.53066, Y=  411.40442, th=  1.58495 
X=  807.52145, Y=  412.13740, th=  1.58177 
X=  807.51073, Y=  413.11472, th=  1.58177 
X=  807.50152, Y=  413.84771, th=  1.58495 
X=  807.49232, Y=  414.58069, th=  1.58177 
X=  807.48311, Y=  415.31367, th=  1.58495 
X=  807.47390, Y=  416.04665, th=  1.58177 
X=  807.46318, Y=  417.02397, th=  1.58177 
X=  807.45398, Y=  417.75695, th=  1.58495 
X=  807.44477, Y=  418.48993, th=  1.58177 
X=  807.43556, Y=  419.22291, th=  1.58495 
X=  807.42636, Y=  419.95589, th=  1.58177 
X=  807.41564, Y=  420.93322, th=  1.58177 
X=  807.40876, Y=  421.66623, th=  1.57858 
X=  807.40189, Y=  422.39923, th=  1.58177 
X=  807.39117, Y=  423.37656, th=  1.58177 
X=  807.38581, Y=  423.86522, th=  1.58177 
X=  807.37509, Y=  424.84255, th=  1.58177 
X=  807.36437, Y=  425.81987, th=  1.58177 
X=  807.35749, Y=  426.55288, th=  1.57858 
X=  807.34988, Y=  427.53023, th=  1.57858 
X=  807.34227, Y=  428.50759, th=  1.57858 
X=  807.33847, Y=  428.99626, th=  1.57858 
X=  807.33086, Y=  429.97362, th=  1.57858 
X=  807.32325, Y=  430.95097, th=  1.57858 
X=  807.31637, Y=  431.68398, th=  1.58177 
X=  807.30565, Y=  432.66131, th=  1.58177 
X=  807.29878, Y=  433.39431, th=  1.57858 
X=  807.29117, Y=  434.37167, th=  1.57858 
X=  807.28356, Y=  435.34902, th=  1.57858 
X=  807.27595, Y=  436.32638, th=  1.57858 
X=  807.27215, Y=  436.81505, th=  1.57858 
X=  807.26454, Y=  437.79241, th=  1.57858 
X=  807.25693, Y=  438.76976, th=  1.57858 
X=  807.25005, Y=  439.50277, th=  1.58177 
X=  807.23933, Y=  440.48009, th=  1.58177 
X=  807.22861, Y=  441.45742, th=  1.58177 
X=  807.22174, Y=  442.19043, th=  1.57858 
X=  807.21413, Y=  443.16778, th=  1.57858 
X=  807.20652, Y=  444.14514, th=  1.57858 
X=  807.20271, Y=  444.63381, th=  1.57858 
X=  807.19510, Y=  445.61117, th=  1.57858 
X=  807.18823, Y=  446.34417, th=  1.58177 
X=  807.17751, Y=  447.32150, th=  1.58177 
X=  807.17063, Y=  448.05451, th=  1.57858 
X=  807.16302, Y=  449.03186, th=  1.57858 
X=  807.15541, Y=  450.00921, th=  1.57858 
X=  807.15161, Y=  450.49789, th=  1.57858 
X=  807.14400, Y=  451.47525, th=  1.57858 
X=  807.13713, Y=  452.20825, th=  1.58177 
X=  807.12641, Y=  453.18558, th=  1.58177 
X=  807.11953, Y=  453.91858, th=  1.57858 
X=  807.11192, Y=  454.89594, th=  1.57858 
X=  807.10505, Y=  455.62895, th=  1.58177 
X=  807.09817, Y=  456.36195, th=  1.57858 
X=  807.09130, Y=  457.09496, th=  1.58177 
X=  807.08058, Y=  458.07228, th=  1.58177 
X=  807.06986, Y=  459.04961, th=  1.58177 
X=  807.06299, Y=  459.78261, th=  1.57858 
X=  807.05611, Y=  460.51562, th=  1.58177 
X=  807.04924, Y=  461.24863, th=  1.57858 
X=  807.04163, Y=  462.22598, th=  1.57858 
X=  807.03475, Y=  462.95899, th=  1.58177 
X=  807.02403, Y=  463.93631, th=  1.58177 
X=  807.02096, Y=  464.18064, th=  1.58495 
X=  807.00713, Y=  465.15793, th=  1.58495 
X=  806.99330, Y=  466.13521, th=  1.58495 
X=  806.98639, Y=  466.62386, th=  1.58495 
X=  806.97256, Y=  467.60114, th=  1.58495 
X=  806.95873, Y=  468.57843, th=  1.58495 
X=  806.94490, Y=  469.55572, th=  1.58495 
X=  806.93569, Y=  470.28870, th=  1.58177 
X=  806.92497, Y=  471.26602, th=  1.58177 
X=  806.91961, Y=  471.75468, th=  1.58177 
X=  806.90889, Y=  472.73201, th=  1.58177 
X=  806.89817, Y=  473.70934, th=  1.58177 
X=  806.88745, Y=  474.68666, th=  1.58177 
X=  806.88057, Y=  475.41967, th=  1.57858 
X=  806.87296, Y=  476.39702, th=  1.57858 
X=  806.86535, Y=  477.37438, th=  1.57858 
X=  806.86081, Y=  478.10740, th=  1.57540 
X=  806.85627, Y=  478.84043, th=  1.57858 
X=  806.84866, Y=  479.81778, th=  1.57858 
X=  806.84105, Y=  480.79513, th=  1.57858 
X=  806.83725, Y=  481.28381, th=  1.57858 
X=  806.82964, Y=  482.26117, th=  1.57858 
X=  806.82203, Y=  483.23852, th=  1.57858 
X=  806.81749, Y=  483.97155, th=  1.57540 
X=  806.81299, Y=  484.94892, th=  1.57540 
X=  806.80849, Y=  485.92629, th=  1.57540 
X=  806.80395, Y=  486.65932, th=  1.57858 
X=  806.79940, Y=  487.39234, th=  1.57540 
X=  806.79491, Y=  488.36972, th=  1.57540 
X=  806.79041, Y=  489.34709, th=  1.57540 
X=  806.78816, Y=  489.83578, th=  1.57540 
X=  806.78366, Y=  490.81315, th=  1.57540 
X=  806.77916, Y=  491.79053, th=  1.57540 
X=  806.77466, Y=  492.76790, th=  1.57540 
X=  806.77245, Y=  493.50093, th=  1.57222 
X=  806.77024, Y=  494.23397, th=  1.57540 
X=  806.76574, Y=  495.21134, th=  1.57540 
X=  806.76349, Y=  495.70003, th=  1.57540 
X=  806.75899, Y=  496.67740, th=  1.57540 
X=  806.75449, Y=  497.65478, th=  1.57540 
X=  806.75229, Y=  498.38781, th=  1.57222 
X=  806.75090, Y=  499.36520, th=  1.57222 
X=  806.74869, Y=  500.09823, th=  1.57540 
X=  806.74648, Y=  500.83127, th=  1.57222 
X=  806.74427, Y=  501.56430, th=  1.57540 
X=  806.73977, Y=  502.54168, th=  1.57540 
X=  806.73757, Y=  503.27471, th=  1.57222 
X=  806.73536, Y=  504.00775, th=  1.57540 
X=  806.73086, Y=  504.98512, th=  1.57540 
X=  806.72861, Y=  505.47381, th=  1.57540 
X=  806.72411, Y=  506.45118, th=  1.57540 
X=  806.71961, Y=  507.42855, th=  1.57540 
X=  806.71511, Y=  508.40593, th=  1.57540 
X=  806.71290, Y=  509.13896, th=  1.57222 
X=  806.71070, Y=  509.87200, th=  1.57540 
X=  806.70616, Y=  510.60502, th=  1.57858 
X=  806.70386, Y=  510.84936, th=  1.58177 
X=  806.69314, Y=  511.82668, th=  1.58177 
X=  806.68242, Y=  512.80401, th=  1.58177 
X=  806.67170, Y=  513.78134, th=  1.58177 
X=  806.66098, Y=  514.75866, th=  1.58177 
X=  806.65026, Y=  515.73599, th=  1.58177 
X=  806.63954, Y=  516.71331, th=  1.58177 
X=  806.62882, Y=  517.69064, th=  1.58177 
X=  806.62195, Y=  518.42364, th=  1.57858 
X=  806.61434, Y=  519.40100, th=  1.57858 
X=  806.60673, Y=  520.37835, th=  1.57858 
X=  806.59912, Y=  521.35571, th=  1.57858 
X=  806.59458, Y=  522.08873, th=  1.57540 
X=  806.59004, Y=  522.82176, th=  1.57858 
X=  806.58243, Y=  523.79911, th=  1.57858 
X=  806.57482, Y=  524.77647, th=  1.57858 
X=  806.57027, Y=  525.50949, th=  1.57540 
X=  806.56573, Y=  526.24251, th=  1.57858 
X=  806.55812, Y=  527.21987, th=  1.57858 
X=  806.55358, Y=  527.95289, th=  1.57540 
X=  806.54908, Y=  528.93027, th=  1.57540 
X=  806.54458, Y=  529.90764, th=  1.57540 
X=  806.54008, Y=  530.88502, th=  1.57540 
X=  806.53784, Y=  531.37370, th=  1.57540 
X=  806.53334, Y=  532.35108, th=  1.57540 
X=  806.53113, Y=  533.08411, th=  1.57222 
X=  806.52892, Y=  533.81715, th=  1.57540 
X=  806.52442, Y=  534.79452, th=  1.57540 
X=  806.52221, Y=  535.52756, th=  1.57222 
X=  806.52082, Y=  536.50494, th=  1.57222 
X=  806.51944, Y=  537.48232, th=  1.57222 
X=  806.51874, Y=  537.97101, th=  1.57222 
X=  806.51735, Y=  538.94840, th=  1.57222 
X=  806.51514, Y=  539.68143, th=  1.57540 
X=  806.51294, Y=  540.41447, th=  1.57222 
X=  806.51155, Y=  541.39185, th=  1.57222 
X=  806.51167, Y=  542.12489, th=  1.56903 
X=  806.51339, Y=  543.10227, th=  1.56903 
X=  806.51352, Y=  543.83531, th=  1.57222 
X=  806.51364, Y=  544.56835, th=  1.56903 
X=  806.51377, Y=  545.30139, th=  1.57222 
X=  806.51389, Y=  546.03442, th=  1.56903 
X=  806.51562, Y=  547.01181, th=  1.56903 
X=  806.51734, Y=  547.98919, th=  1.56903 
X=  806.51906, Y=  548.96657, th=  1.56903 
X=  806.51992, Y=  549.45526, th=  1.56903 
X=  806.52164, Y=  550.43265, th=  1.56903 
X=  806.52250, Y=  550.92134, th=  1.56903 
X=  806.52423, Y=  551.89872, th=  1.56903 
X=  806.52595, Y=  552.87610, th=  1.56903 
X=  806.52767, Y=  553.85349, th=  1.56903 
X=  806.52853, Y=  554.34218, th=  1.56903 
X=  806.53025, Y=  555.31956, th=  1.56903 
X=  806.53038, Y=  556.05260, th=  1.57222 
X=  806.53050, Y=  556.78564, th=  1.56903 
X=  806.53222, Y=  557.76302, th=  1.56903 
X=  806.53395, Y=  558.74040, th=  1.56903 
X=  806.53567, Y=  559.71779, th=  1.56903 
X=  806.53579, Y=  560.45083, th=  1.57222 
X=  806.53592, Y=  561.18386, th=  1.56903 
X=  806.53604, Y=  561.91690, th=  1.57222 
X=  806.53466, Y=  562.89429, th=  1.57222 
X=  806.53327, Y=  563.87167, th=  1.57222 
X=  806.53106, Y=  564.60470, th=  1.57540 
X=  806.52885, Y=  565.33774, th=  1.57222 
X=  806.52664, Y=  566.07077, th=  1.57540 
X=  806.52214, Y=  567.04815, th=  1.57540 
X=  806.51764, Y=  568.02552, th=  1.57540 
X=  806.51314, Y=  569.00290, th=  1.57540 
X=  806.51089, Y=  569.49158, th=  1.57540 
X=  806.50640, Y=  570.46896, th=  1.57540 
X=  806.50185, Y=  571.20198, th=  1.57858 
X=  806.49424, Y=  572.17934, th=  1.57858 
X=  806.48970, Y=  572.91236, th=  1.57540 
X=  806.48516, Y=  573.64538, th=  1.57858 
X=  806.47755, Y=  574.62274, th=  1.57858 
X=  806.47068, Y=  575.35574, th=  1.58177 
X=  806.45996, Y=  576.33307, th=  1.58177 
X=  806.44924, Y=  577.31040, th=  1.58177 
X=  806.44236, Y=  578.04340, th=  1.57858 
X=  806.43549, Y=  578.77641, th=  1.58177 
X=  806.42477, Y=  579.75373, th=  1.58177 
X=  806.41556, Y=  580.48671, th=  1.58495 
X=  806.40636, Y=  581.21969, th=  1.58177 
X=  806.39564, Y=  582.19702, th=  1.58177 
X=  806.38643, Y=  582.93000, th=  1.58495 
X=  806.37722, Y=  583.66298, th=  1.58177 
X=  806.36802, Y=  584.39596, th=  1.58495 
X=  806.35419, Y=  585.37325, th=  1.58495 
X=  806.34498, Y=  586.10623, th=  1.58177 
X=  806.33426, Y=  587.08355, th=  1.58177 
X=  806.32505, Y=  587.81653, th=  1.58495 
X=  806.31122, Y=  588.79382, th=  1.58495 
X=  806.30431, Y=  589.28246, th=  1.58495 
X=  806.29047, Y=  590.25975, th=  1.58495 
X=  806.27664, Y=  591.23704, th=  1.58495 
X=  806.26744, Y=  591.97002, th=  1.58177 
X=  806.25823, Y=  592.70300, th=  1.58495 
X=  806.24440, Y=  593.68028, th=  1.58495 
X=  806.23748, Y=  594.16893, th=  1.58495 
X=  806.22365, Y=  595.14621, th=  1.58495 
X=  806.21445, Y=  595.87920, th=  1.58177 
X=  806.20373, Y=  596.85652, th=  1.58177 
X=  806.19301, Y=  597.83385, th=  1.58177 
X=  806.18380, Y=  598.56683, th=  1.58495 
X=  806.16997, Y=  599.54411, th=  1.58495 
X=  806.16305, Y=  600.03276, th=  1.58495 
X=  806.14922, Y=  601.01004, th=  1.58495 
X=  806.13539, Y=  601.98733, th=  1.58495 
X=  806.12618, Y=  602.72031, th=  1.58177 
X=  806.11546, Y=  603.69764, th=  1.58177 
X=  806.10474, Y=  604.67496, th=  1.58177 
X=  806.09402, Y=  605.65229, th=  1.58177 
X=  806.08866, Y=  606.14095, th=  1.58177 
X=  806.07794, Y=  607.11828, th=  1.58177 
X=  806.06874, Y=  607.85126, th=  1.58495 
X=  806.05490, Y=  608.82854, th=  1.58495 
X=  806.04570, Y=  609.56152, th=  1.58177 
X=  806.03498, Y=  610.53885, th=  1.58177 
X=  806.02426, Y=  611.51617, th=  1.58177 
X=  806.01738, Y=  612.24918, th=  1.57858 
X=  806.00977, Y=  613.22653, th=  1.57858 
X=  806.00290, Y=  613.95954, th=  1.58177 
X=  805.99218, Y=  614.93687, th=  1.58177 
X=  805.98531, Y=  615.66987, th=  1.57858 
X=  805.97843, Y=  616.40288, th=  1.58177 
X=  805.96771, Y=  617.38020, th=  1.58177 
X=  805.95699, Y=  618.35753, th=  1.58177 
X=  805.95012, Y=  619.09054, th=  1.57858 
X=  805.94251, Y=  620.06789, th=  1.57858 
X=  805.93563, Y=  620.80090, th=  1.58177 
X=  805.92876, Y=  621.53390, th=  1.57858 
X=  805.92189, Y=  622.26691, th=  1.58177 
X=  805.91116, Y=  623.24423, th=  1.58177 
X=  805.90044, Y=  624.22156, th=  1.58177 
X=  805.89357, Y=  624.95457, th=  1.57858 
X=  805.88670, Y=  625.68757, th=  1.58177 
X=  805.87598, Y=  626.66490, th=  1.58177 
X=  805.86910, Y=  627.39790, th=  1.57858 
X=  805.86223, Y=  628.13091, th=  1.58177 
X=  805.85151, Y=  629.10824, th=  1.58177 
X=  805.84463, Y=  629.84124, th=  1.57858 
X=  805.83702, Y=  630.81860, th=  1.57858 
X=  805.83015, Y=  631.55160, th=  1.58177 
X=  805.82328, Y=  632.28461, th=  1.57858 
X=  805.81640, Y=  633.01761, th=  1.58177 
X=  805.80568, Y=  633.99494, th=  1.58177 
X=  805.79496, Y=  634.97227, th=  1.58177 
X=  805.78809, Y=  635.70527, th=  1.57858 
X=  805.78048, Y=  636.68263, th=  1.57858 
X=  805.77594, Y=  637.41565, th=  1.57540 
X=  805.77140, Y=  638.14867, th=  1.57858 
X=  805.76379, Y=  639.12603, th=  1.57858 
X=  805.75618, Y=  640.10338, th=  1.57858 
X=  805.75237, Y=  640.59206, th=  1.57858 
X=  805.74476, Y=  641.56942, th=  1.57858 
X=  805.73715, Y=  642.54677, th=  1.57858 
X=  805.73261, Y=  643.27980, th=  1.57540 
X=  805.72811, Y=  644.25717, th=  1.57540 
X=  805.72357, Y=  644.99019, th=  1.57858 
X=  805.71596, Y=  645.96755, th=  1.57858 
X=  805.71216, Y=  646.45623, th=  1.57858 
X=  805.70455, Y=  647.43358, th=  1.57858 
X=  805.69694, Y=  648.41094, th=  1.57858 
X=  805.69239, Y=  649.14396, th=  1.57540 
X=  805.68790, Y=  650.12133, th=  1.57540 
X=  805.68335, Y=  650.85436, th=  1.57858 
X=  805.67574, Y=  651.83171, th=  1.57858 
X=  805.67120, Y=  652.56474, th=  1.57540 
X=  805.66666, Y=  653.29776, th=  1.57858 
X=  805.65905, Y=  654.27512, th=  1.57858 
X=  805.65451, Y=  655.00814, th=  1.57540 
X=  805.65001, Y=  655.98551, th=  1.57540 
X=  805.64551, Y=  656.96289, th=  1.57540 
X=  805.64101, Y=  657.94026, th=  1.57540 
X=  805.63647, Y=  658.67329, th=  1.57858 
X=  805.63193, Y=  659.40631, th=  1.57540 
X=  805.62739, Y=  660.13933, th=  1.57858 
X=  805.61978, Y=  661.11669, th=  1.57858 
X=  805.61524, Y=  661.84971, th=  1.57540 
X=  805.61074, Y=  662.82709, th=  1.57540 
X=  805.60624, Y=  663.80446, th=  1.57540 
X=  805.60174, Y=  664.78184, th=  1.57540 
X=  805.59949, Y=  665.27052, th=  1.57540 
X=  805.59499, Y=  666.24790, th=  1.57540 
X=  805.59045, Y=  666.98092, th=  1.57858 
X=  805.58591, Y=  667.71395, th=  1.57540 
X=  805.58141, Y=  668.69132, th=  1.57540 
X=  805.57691, Y=  669.66869, th=  1.57540 
X=  805.57241, Y=  670.64607, th=  1.57540 
X=  805.57016, Y=  671.13475, th=  1.57540 
X=  805.56566, Y=  672.11213, th=  1.57540 
X=  805.56341, Y=  672.60082, th=  1.57540 
X=  805.55892, Y=  673.57819, th=  1.57540 
X=  805.55442, Y=  674.55556, th=  1.57540 
X=  805.54992, Y=  675.53294, th=  1.57540 
X=  805.54771, Y=  676.26597, th=  1.57222 
X=  805.54550, Y=  676.99901, th=  1.57540 
X=  805.54329, Y=  677.73204, th=  1.57222 
X=  805.54108, Y=  678.46508, th=  1.57540 
X=  805.53659, Y=  679.44245, th=  1.57540 
X=  805.53209, Y=  680.41983, th=  1.57540 
X=  805.52988, Y=  681.15286, th=  1.57222 
X=  805.52767, Y=  681.88590, th=  1.57540 
X=  805.52317, Y=  682.86327, th=  1.57540 
X=  805.51863, Y=  683.59629, th=  1.57858 
X=  805.51409, Y=  684.32932, th=  1.57540 
X=  805.50959, Y=  685.30669, th=  1.57540 
X=  805.50509, Y=  686.28407, th=  1.57540 
X=  805.50284, Y=  686.77275, th=  1.57540 
X=  805.49834, Y=  687.75013, th=  1.57540 
X=  805.49384, Y=  688.72750, th=  1.57540 
X=  805.49159, Y=  689.21619, th=  1.57540 
X=  805.48709, Y=  690.19356, th=  1.57540 
X=  805.48259, Y=  691.17094, th=  1.57540 
X=  805.47809, Y=  692.14831, th=  1.57540 
X=  805.47584, Y=  692.63700, th=  1.57540 
X=  805.47135, Y=  693.61437, th=  1.57540 
X=  805.46680, Y=  694.34739, th=  1.57858 
X=  805.46226, Y=  695.08042, th=  1.57540 
X=  805.45776, Y=  696.05779, th=  1.57540 
X=  805.45326, Y=  697.03517, th=  1.57540 
X=  805.45101, Y=  697.52385, th=  1.57540 
X=  805.44652, Y=  698.50123, th=  1.57540 
X=  805.44202, Y=  699.47860, th=  1.57540 
X=  805.43977, Y=  699.96729, th=  1.57540 
X=  805.43527, Y=  700.94466, th=  1.57540 
X=  805.43077, Y=  701.92204, th=  1.57540 
X=  805.42856, Y=  702.65507, th=  1.57222 
X=  805.42717, Y=  703.63246, th=  1.57222 
X=  805.42496, Y=  704.36549, th=  1.57540 
X=  805.42276, Y=  705.09853, th=  1.57222 
X=  805.42137, Y=  706.07591, th=  1.57222 
X=  805.41916, Y=  706.80894, th=  1.57540 
X=  805.41695, Y=  707.54198, th=  1.57222 
X=  805.41556, Y=  708.51936, th=  1.57222 
X=  805.41569, Y=  709.25240, th=  1.56903 
X=  805.41581, Y=  709.98544, th=  1.57222 
X=  805.41442, Y=  710.96282, th=  1.57222 
X=  805.41455, Y=  711.69586, th=  1.56903 
X=  805.41467, Y=  712.42890, th=  1.57222 
X=  805.41328, Y=  713.40628, th=  1.57222 
X=  805.41341, Y=  714.13932, th=  1.56903 
X=  805.41513, Y=  715.11670, th=  1.56903 
X=  805.41685, Y=  716.09409, th=  1.56903 
X=  805.41698, Y=  716.82712, th=  1.57222 
X=  805.41710, Y=  717.56016, th=  1.56903 
X=  805.41723, Y=  718.29320, th=  1.57222 
X=  805.41584, Y=  719.27058, th=  1.57222 
X=  805.41596, Y=  720.00362, th=  1.56903 
X=  805.41769, Y=  720.98101, th=  1.56903 
X=  805.41941, Y=  721.95839, th=  1.56903 
X=  805.42187, Y=  722.69142, th=  1.56585 
X=  805.42432, Y=  723.42446, th=  1.56903 
X=  805.42605, Y=  724.40184, th=  1.56903 
X=  805.42691, Y=  724.89053, th=  1.56903 
X=  805.42863, Y=  725.86791, th=  1.56903 
X=  805.43035, Y=  726.84530, th=  1.56903 
X=  805.43207, Y=  727.82268, th=  1.56903 
X=  805.43293, Y=  728.31137, th=  1.56903 
X=  805.43466, Y=  729.28875, th=  1.56903 
X=  805.43638, Y=  730.26614, th=  1.56903 
X=  805.43650, Y=  730.99918, th=  1.57222 
X=  805.43663, Y=  731.73221, th=  1.56903 
X=  805.43835, Y=  732.70960, th=  1.56903 
X=  805.44007, Y=  733.68698, th=  1.56903 
X=  805.44179, Y=  734.66436, th=  1.56903 
X=  805.44192, Y=  735.39740, th=  1.57222 
X=  805.44204, Y=  736.13044, th=  1.56903 
X=  805.44217, Y=  736.86348, th=  1.57222 
X=  805.44078, Y=  737.84086, th=  1.57222 
X=  805.43939, Y=  738.81824, th=  1.57222 
X=  805.43800, Y=  739.79563, th=  1.57222 
X=  805.43813, Y=  740.52867, th=  1.56903 
X=  805.43825, Y=  741.26170, th=  1.57222 
X=  805.43604, Y=  741.99474, th=  1.57540 
X=  805.43155, Y=  742.97211, th=  1.57540 
X=  805.42705, Y=  743.94949, th=  1.57540 
X=  805.42480, Y=  744.43817, th=  1.57540 
X=  805.42030, Y=  745.41555, th=  1.57540 
X=  805.41576, Y=  746.14857, th=  1.57858 
X=  805.41122, Y=  746.88160, th=  1.57540 
X=  805.40672, Y=  747.85897, th=  1.57540 
X=  805.40218, Y=  748.59199, th=  1.57858 
X=  805.39457, Y=  749.56935, th=  1.57858 
X=  805.38769, Y=  750.30236, th=  1.58177 
X=  805.38082, Y=  751.03536, th=  1.57858 
X=  805.37321, Y=  752.01272, th=  1.57858 
X=  805.36560, Y=  752.99007, th=  1.57858 
X=  805.35872, Y=  753.72308, th=  1.58177 
X=  805.34800, Y=  754.70040, th=  1.58177 
X=  805.34264, Y=  755.18907, th=  1.58177 
X=  805.33192, Y=  756.16639, th=  1.58177 
X=  805.32120, Y=  757.14372, th=  1.58177 
X=  805.31048, Y=  758.12104, th=  1.58177 
X=  805.30512, Y=  758.60970, th=  1.58177 
X=  805.29440, Y=  759.58703, th=  1.58177 
X=  805.28519, Y=  760.32001, th=  1.58495 
X=  805.27599, Y=  761.05299, th=  1.58177 
X=  805.26527, Y=  762.03032, th=  1.58177 
X=  805.25455, Y=  763.00764, th=  1.58177 
X=  805.24534, Y=  763.74062, th=  1.58495 
X=  805.23613, Y=  764.47360, th=  1.58177 
X=  805.22693, Y=  765.20658, th=  1.58495 
X=  805.21772, Y=  765.93956, th=  1.58177 
X=  805.20700, Y=  766.91689, th=  1.58177 
X=  805.19628, Y=  767.89422, th=  1.58177 
X=  805.18707, Y=  768.62720, th=  1.58495 
X=  805.17787, Y=  769.36018, th=  1.58177 
X=  805.16866, Y=  770.09316, th=  1.58495 
X=  805.15483, Y=  771.07044, th=  1.58495 
X=  805.14562, Y=  771.80342, th=  1.58177 
X=  805.13490, Y=  772.78075, th=  1.58177 
X=  805.12418, Y=  773.75807, th=  1.58177 
X=  805.11346, Y=  774.73540, th=  1.58177 
X=  805.10810, Y=  775.22406, th=  1.58177 
X=  805.09738, Y=  776.20139, th=  1.58177 
X=  805.08666, Y=  777.17871, th=  1.58177 
X=  805.07745, Y=  777.91169, th=  1.58495 
X=  805.06825, Y=  778.64468, th=  1.58177 
X=  805.05753, Y=  779.62200, th=  1.58177 
X=  805.04681, Y=  780.59933, th=  1.58177 
X=  805.03993, Y=  781.33233, th=  1.57858 
X=  805.03232, Y=  782.30969, th=  1.57858 
X=  805.02545, Y=  783.04269, th=  1.58177 
X=  805.01857, Y=  783.77570, th=  1.57858 
X=  805.01170, Y=  784.50871, th=  1.58177 
X=  805.00098, Y=  785.48603, th=  1.58177 
X=  804.99026, Y=  786.46336, th=  1.58177 
X=  804.97954, Y=  787.44068, th=  1.58177 
X=  804.97266, Y=  788.17369, th=  1.57858 
X=  804.96505, Y=  789.15104, th=  1.57858 
X=  804.95818, Y=  789.88405, th=  1.58177 
X=  804.95131, Y=  790.61706, th=  1.57858 
X=  804.94443, Y=  791.35006, th=  1.58177 
X=  804.93371, Y=  792.32739, th=  1.58177 
X=  804.92299, Y=  793.30471, th=  1.58177 
X=  804.91227, Y=  794.28204, th=  1.58177 
X=  804.90691, Y=  794.77070, th=  1.58177 
X=  804.89619, Y=  795.74803, th=  1.58177 
X=  804.88698, Y=  796.48101, th=  1.58495 
X=  804.87778, Y=  797.21399, th=  1.58177 
X=  804.86706, Y=  798.19131, th=  1.58177 
X=  804.85634, Y=  799.16864, th=  1.58177 
X=  804.84713, Y=  799.90162, th=  1.58495 
